This file contains any messages produced by compilers while
running configure, to aid debugging if configure makes a mistake.

It was created by configure, which was
generated by GNU Autoconf 2.68.  Invocation command line was

  $ ./configure 

## --------- ##
## Platform. ##
## --------- ##

hostname = home
uname -m = i686
uname -r = 3.2.0-23-generic-pae
uname -s = Linux
uname -v = #36-Ubuntu SMP Tue Apr 10 22:19:09 UTC 2012

/usr/bin/uname -p = unknown
/bin/uname -X     = unknown

/bin/arch              = unknown
/usr/bin/arch -k       = unknown
/usr/convex/getsysinfo = unknown
/usr/bin/hostinfo      = unknown
/bin/machine           = unknown
/usr/bin/oslevel       = unknown
/bin/universe          = unknown

PATH: /home/minoru/bin
PATH: /usr/local/bin
PATH: /usr/bin
PATH: /bin
PATH: /usr/games


## ----------- ##
## Core tests. ##
## ----------- ##

configure:2376: checking for a BSD-compatible install
configure:2444: result: /usr/bin/install -c
configure:2455: checking whether build environment is sane
configure:2505: result: yes
configure:2646: checking for a thread-safe mkdir -p
configure:2685: result: /bin/mkdir -p
configure:2698: checking for gawk
configure:2728: result: no
configure:2698: checking for mawk
configure:2714: found /usr/bin/mawk
configure:2725: result: mawk
configure:2736: checking whether make sets $(MAKE)
configure:2758: result: yes
configure:2888: checking for gcc
configure:2904: found /usr/bin/gcc
configure:2915: result: gcc
configure:3144: checking for C compiler version
configure:3153: gcc --version >&5
gcc (Ubuntu/Linaro 4.6.3-1ubuntu5) 4.6.3
Copyright (C) 2011 Free Software Foundation, Inc.
This is free software; see the source for copying conditions.  There is NO
warranty; not even for MERCHANTABILITY or FITNESS FOR A PARTICULAR PURPOSE.

configure:3164: $? = 0
configure:3153: gcc -v >&5
Using built-in specs.
COLLECT_GCC=gcc
COLLECT_LTO_WRAPPER=/usr/lib/gcc/i686-linux-gnu/4.6/lto-wrapper
Target: i686-linux-gnu
Configured with: ../src/configure -v --with-pkgversion='Ubuntu/Linaro 4.6.3-1ubuntu5' --with-bugurl=file:///usr/share/doc/gcc-4.6/README.Bugs --enable-languages=c,c++,fortran,objc,obj-c++ --prefix=/usr --program-suffix=-4.6 --enable-shared --enable-linker-build-id --with-system-zlib --libexecdir=/usr/lib --without-included-gettext --enable-threads=posix --with-gxx-include-dir=/usr/include/c++/4.6 --libdir=/usr/lib --enable-nls --with-sysroot=/ --enable-clocale=gnu --enable-libstdcxx-debug --enable-libstdcxx-time=yes --enable-gnu-unique-object --enable-plugin --enable-objc-gc --enable-targets=all --disable-werror --with-arch-32=i686 --with-tune=generic --enable-checking=release --build=i686-linux-gnu --host=i686-linux-gnu --target=i686-linux-gnu
Thread model: posix
gcc version 4.6.3 (Ubuntu/Linaro 4.6.3-1ubuntu5) 
configure:3164: $? = 0
configure:3153: gcc -V >&5
gcc: error: unrecognized option '-V'
gcc: fatal error: no input files
compilation terminated.
configure:3164: $? = 4
configure:3153: gcc -qversion >&5
gcc: error: unrecognized option '-qversion'
gcc: fatal error: no input files
compilation terminated.
configure:3164: $? = 4
configure:3184: checking whether the C compiler works
configure:3206: gcc    conftest.c  >&5
configure:3210: $? = 0
configure:3258: result: yes
configure:3261: checking for C compiler default output file name
configure:3263: result: a.out
configure:3269: checking for suffix of executables
configure:3276: gcc -o conftest    conftest.c  >&5
configure:3280: $? = 0
configure:3302: result: 
configure:3324: checking whether we are cross compiling
configure:3332: gcc -o conftest    conftest.c  >&5
configure:3336: $? = 0
configure:3343: ./conftest
configure:3347: $? = 0
configure:3362: result: no
configure:3367: checking for suffix of object files
configure:3389: gcc -c   conftest.c >&5
configure:3393: $? = 0
configure:3414: result: o
configure:3418: checking whether we are using the GNU C compiler
configure:3437: gcc -c   conftest.c >&5
configure:3437: $? = 0
configure:3446: result: yes
configure:3455: checking whether gcc accepts -g
configure:3475: gcc -c -g  conftest.c >&5
configure:3475: $? = 0
configure:3516: result: yes
configure:3533: checking for gcc option to accept ISO C89
configure:3597: gcc  -c -g -O2  conftest.c >&5
configure:3597: $? = 0
configure:3610: result: none needed
configure:3641: checking for style of include used by make
configure:3669: result: GNU
configure:3695: checking dependency style of gcc
configure:3806: result: gcc3
configure:3879: checking for g++
configure:3895: found /usr/bin/g++
configure:3906: result: g++
configure:3933: checking for C++ compiler version
configure:3942: g++ --version >&5
g++ (Ubuntu/Linaro 4.6.3-1ubuntu5) 4.6.3
Copyright (C) 2011 Free Software Foundation, Inc.
This is free software; see the source for copying conditions.  There is NO
warranty; not even for MERCHANTABILITY or FITNESS FOR A PARTICULAR PURPOSE.

configure:3953: $? = 0
configure:3942: g++ -v >&5
Using built-in specs.
COLLECT_GCC=g++
COLLECT_LTO_WRAPPER=/usr/lib/gcc/i686-linux-gnu/4.6/lto-wrapper
Target: i686-linux-gnu
Configured with: ../src/configure -v --with-pkgversion='Ubuntu/Linaro 4.6.3-1ubuntu5' --with-bugurl=file:///usr/share/doc/gcc-4.6/README.Bugs --enable-languages=c,c++,fortran,objc,obj-c++ --prefix=/usr --program-suffix=-4.6 --enable-shared --enable-linker-build-id --with-system-zlib --libexecdir=/usr/lib --without-included-gettext --enable-threads=posix --with-gxx-include-dir=/usr/include/c++/4.6 --libdir=/usr/lib --enable-nls --with-sysroot=/ --enable-clocale=gnu --enable-libstdcxx-debug --enable-libstdcxx-time=yes --enable-gnu-unique-object --enable-plugin --enable-objc-gc --enable-targets=all --disable-werror --with-arch-32=i686 --with-tune=generic --enable-checking=release --build=i686-linux-gnu --host=i686-linux-gnu --target=i686-linux-gnu
Thread model: posix
gcc version 4.6.3 (Ubuntu/Linaro 4.6.3-1ubuntu5) 
configure:3953: $? = 0
configure:3942: g++ -V >&5
g++: error: unrecognized option '-V'
g++: fatal error: no input files
compilation terminated.
configure:3953: $? = 4
configure:3942: g++ -qversion >&5
g++: error: unrecognized option '-qversion'
g++: fatal error: no input files
compilation terminated.
configure:3953: $? = 4
configure:3957: checking whether we are using the GNU C++ compiler
configure:3976: g++ -c   conftest.cpp >&5
configure:3976: $? = 0
configure:3985: result: yes
configure:3994: checking whether g++ accepts -g
configure:4014: g++ -c -g  conftest.cpp >&5
configure:4014: $? = 0
configure:4055: result: yes
configure:4080: checking dependency style of g++
configure:4191: result: gcc3
configure:4250: checking for ranlib
configure:4266: found /usr/bin/ranlib
configure:4277: result: ranlib
configure:4301: checking for an ANSI C-conforming const
configure:4366: g++ -c -g -O2  conftest.cpp >&5
configure:4366: $? = 0
configure:4373: result: yes
configure:4381: checking for inline
configure:4397: g++ -c -g -O2  conftest.cpp >&5
configure:4397: $? = 0
configure:4405: result: inline
configure:4429: checking how to run the C++ preprocessor
configure:4456: g++ -E  conftest.cpp
configure:4456: $? = 0
configure:4470: g++ -E  conftest.cpp
conftest.cpp:9:28: fatal error: ac_nonexistent.h: No such file or directory
compilation terminated.
configure:4470: $? = 1
configure: failed program was:
| /* confdefs.h */
| #define PACKAGE_NAME ""
| #define PACKAGE_TARNAME ""
| #define PACKAGE_VERSION ""
| #define PACKAGE_STRING ""
| #define PACKAGE_BUGREPORT ""
| #define PACKAGE_URL ""
| /* end confdefs.h.  */
| #include <ac_nonexistent.h>
configure:4495: result: g++ -E
configure:4515: g++ -E  conftest.cpp
configure:4515: $? = 0
configure:4529: g++ -E  conftest.cpp
conftest.cpp:9:28: fatal error: ac_nonexistent.h: No such file or directory
compilation terminated.
configure:4529: $? = 1
configure: failed program was:
| /* confdefs.h */
| #define PACKAGE_NAME ""
| #define PACKAGE_TARNAME ""
| #define PACKAGE_VERSION ""
| #define PACKAGE_STRING ""
| #define PACKAGE_BUGREPORT ""
| #define PACKAGE_URL ""
| /* end confdefs.h.  */
| #include <ac_nonexistent.h>
configure:4558: checking for grep that handles long lines and -e
configure:4616: result: /bin/grep
configure:4621: checking for egrep
configure:4683: result: /bin/grep -E
configure:4688: checking for ANSI C header files
configure:4708: g++ -c -g -O2  conftest.cpp >&5
configure:4708: $? = 0
configure:4781: g++ -o conftest -g -O2   conftest.cpp  >&5
configure:4781: $? = 0
configure:4781: ./conftest
configure:4781: $? = 0
configure:4792: result: yes
configure:4805: checking for sys/types.h
configure:4805: g++ -c -g -O2  conftest.cpp >&5
configure:4805: $? = 0
configure:4805: result: yes
configure:4805: checking for sys/stat.h
configure:4805: g++ -c -g -O2  conftest.cpp >&5
configure:4805: $? = 0
configure:4805: result: yes
configure:4805: checking for stdlib.h
configure:4805: g++ -c -g -O2  conftest.cpp >&5
configure:4805: $? = 0
configure:4805: result: yes
configure:4805: checking for string.h
configure:4805: g++ -c -g -O2  conftest.cpp >&5
configure:4805: $? = 0
configure:4805: result: yes
configure:4805: checking for memory.h
configure:4805: g++ -c -g -O2  conftest.cpp >&5
configure:4805: $? = 0
configure:4805: result: yes
configure:4805: checking for strings.h
configure:4805: g++ -c -g -O2  conftest.cpp >&5
configure:4805: $? = 0
configure:4805: result: yes
configure:4805: checking for inttypes.h
configure:4805: g++ -c -g -O2  conftest.cpp >&5
configure:4805: $? = 0
configure:4805: result: yes
configure:4805: checking for stdint.h
configure:4805: g++ -c -g -O2  conftest.cpp >&5
configure:4805: $? = 0
configure:4805: result: yes
configure:4805: checking for unistd.h
configure:4805: g++ -c -g -O2  conftest.cpp >&5
configure:4805: $? = 0
configure:4805: result: yes
configure:4817: checking for pid_t
configure:4817: g++ -c -g -O2  conftest.cpp >&5
configure:4817: $? = 0
configure:4817: g++ -c -g -O2  conftest.cpp >&5
conftest.cpp: In function 'int main()':
conftest.cpp:55:19: error: expected primary-expression before ')' token
configure:4817: $? = 1
configure: failed program was:
| /* confdefs.h */
| #define PACKAGE_NAME ""
| #define PACKAGE_TARNAME ""
| #define PACKAGE_VERSION ""
| #define PACKAGE_STRING ""
| #define PACKAGE_BUGREPORT ""
| #define PACKAGE_URL ""
| #define STDC_HEADERS 1
| #define HAVE_SYS_TYPES_H 1
| #define HAVE_SYS_STAT_H 1
| #define HAVE_STDLIB_H 1
| #define HAVE_STRING_H 1
| #define HAVE_MEMORY_H 1
| #define HAVE_STRINGS_H 1
| #define HAVE_INTTYPES_H 1
| #define HAVE_STDINT_H 1
| #define HAVE_UNISTD_H 1
| /* end confdefs.h.  */
| #include <stdio.h>
| #ifdef HAVE_SYS_TYPES_H
| # include <sys/types.h>
| #endif
| #ifdef HAVE_SYS_STAT_H
| # include <sys/stat.h>
| #endif
| #ifdef STDC_HEADERS
| # include <stdlib.h>
| # include <stddef.h>
| #else
| # ifdef HAVE_STDLIB_H
| #  include <stdlib.h>
| # endif
| #endif
| #ifdef HAVE_STRING_H
| # if !defined STDC_HEADERS && defined HAVE_MEMORY_H
| #  include <memory.h>
| # endif
| # include <string.h>
| #endif
| #ifdef HAVE_STRINGS_H
| # include <strings.h>
| #endif
| #ifdef HAVE_INTTYPES_H
| # include <inttypes.h>
| #endif
| #ifdef HAVE_STDINT_H
| # include <stdint.h>
| #endif
| #ifdef HAVE_UNISTD_H
| # include <unistd.h>
| #endif
| int
| main ()
| {
| if (sizeof ((pid_t)))
| 	    return 0;
|   ;
|   return 0;
| }
configure:4817: result: yes
configure:4828: checking for size_t
configure:4828: g++ -c -g -O2  conftest.cpp >&5
configure:4828: $? = 0
configure:4828: g++ -c -g -O2  conftest.cpp >&5
conftest.cpp: In function 'int main()':
conftest.cpp:55:20: error: expected primary-expression before ')' token
configure:4828: $? = 1
configure: failed program was:
| /* confdefs.h */
| #define PACKAGE_NAME ""
| #define PACKAGE_TARNAME ""
| #define PACKAGE_VERSION ""
| #define PACKAGE_STRING ""
| #define PACKAGE_BUGREPORT ""
| #define PACKAGE_URL ""
| #define STDC_HEADERS 1
| #define HAVE_SYS_TYPES_H 1
| #define HAVE_SYS_STAT_H 1
| #define HAVE_STDLIB_H 1
| #define HAVE_STRING_H 1
| #define HAVE_MEMORY_H 1
| #define HAVE_STRINGS_H 1
| #define HAVE_INTTYPES_H 1
| #define HAVE_STDINT_H 1
| #define HAVE_UNISTD_H 1
| /* end confdefs.h.  */
| #include <stdio.h>
| #ifdef HAVE_SYS_TYPES_H
| # include <sys/types.h>
| #endif
| #ifdef HAVE_SYS_STAT_H
| # include <sys/stat.h>
| #endif
| #ifdef STDC_HEADERS
| # include <stdlib.h>
| # include <stddef.h>
| #else
| # ifdef HAVE_STDLIB_H
| #  include <stdlib.h>
| # endif
| #endif
| #ifdef HAVE_STRING_H
| # if !defined STDC_HEADERS && defined HAVE_MEMORY_H
| #  include <memory.h>
| # endif
| # include <string.h>
| #endif
| #ifdef HAVE_STRINGS_H
| # include <strings.h>
| #endif
| #ifdef HAVE_INTTYPES_H
| # include <inttypes.h>
| #endif
| #ifdef HAVE_STDINT_H
| # include <stdint.h>
| #endif
| #ifdef HAVE_UNISTD_H
| # include <unistd.h>
| #endif
| int
| main ()
| {
| if (sizeof ((size_t)))
| 	    return 0;
|   ;
|   return 0;
| }
configure:4828: result: yes
configure:4845: checking for sed
configure:4861: found /bin/sed
configure:4872: result: sed
configure:4887: checking for ANSI C header files
configure:4991: result: yes
configure:4999: checking for stdbool.h that conforms to C99
configure:5066: g++ -c -g -O2  conftest.cpp >&5
configure:5066: $? = 0
configure:5073: result: yes
configure:5075: checking for _Bool
configure:5075: g++ -c -g -O2  conftest.cpp >&5
conftest.cpp: In function 'int main()':
conftest.cpp:56:13: error: '_Bool' was not declared in this scope
configure:5075: $? = 1
configure: failed program was:
| /* confdefs.h */
| #define PACKAGE_NAME ""
| #define PACKAGE_TARNAME ""
| #define PACKAGE_VERSION ""
| #define PACKAGE_STRING ""
| #define PACKAGE_BUGREPORT ""
| #define PACKAGE_URL ""
| #define STDC_HEADERS 1
| #define HAVE_SYS_TYPES_H 1
| #define HAVE_SYS_STAT_H 1
| #define HAVE_STDLIB_H 1
| #define HAVE_STRING_H 1
| #define HAVE_MEMORY_H 1
| #define HAVE_STRINGS_H 1
| #define HAVE_INTTYPES_H 1
| #define HAVE_STDINT_H 1
| #define HAVE_UNISTD_H 1
| #define STDC_HEADERS 1
| /* end confdefs.h.  */
| #include <stdio.h>
| #ifdef HAVE_SYS_TYPES_H
| # include <sys/types.h>
| #endif
| #ifdef HAVE_SYS_STAT_H
| # include <sys/stat.h>
| #endif
| #ifdef STDC_HEADERS
| # include <stdlib.h>
| # include <stddef.h>
| #else
| # ifdef HAVE_STDLIB_H
| #  include <stdlib.h>
| # endif
| #endif
| #ifdef HAVE_STRING_H
| # if !defined STDC_HEADERS && defined HAVE_MEMORY_H
| #  include <memory.h>
| # endif
| # include <string.h>
| #endif
| #ifdef HAVE_STRINGS_H
| # include <strings.h>
| #endif
| #ifdef HAVE_INTTYPES_H
| # include <inttypes.h>
| #endif
| #ifdef HAVE_STDINT_H
| # include <stdint.h>
| #endif
| #ifdef HAVE_UNISTD_H
| # include <unistd.h>
| #endif
| int
| main ()
| {
| if (sizeof (_Bool))
| 	 return 0;
|   ;
|   return 0;
| }
configure:5075: result: no
configure:5099: checking errno.h usability
configure:5099: g++ -c -g -O2  conftest.cpp >&5
configure:5099: $? = 0
configure:5099: result: yes
configure:5099: checking errno.h presence
configure:5099: g++ -E  conftest.cpp
configure:5099: $? = 0
configure:5099: result: yes
configure:5099: checking for errno.h
configure:5099: result: yes
configure:5099: checking ctype.h usability
configure:5099: g++ -c -g -O2  conftest.cpp >&5
configure:5099: $? = 0
configure:5099: result: yes
configure:5099: checking ctype.h presence
configure:5099: g++ -E  conftest.cpp
configure:5099: $? = 0
configure:5099: result: yes
configure:5099: checking for ctype.h
configure:5099: result: yes
configure:5099: checking dirent.h usability
configure:5099: g++ -c -g -O2  conftest.cpp >&5
configure:5099: $? = 0
configure:5099: result: yes
configure:5099: checking dirent.h presence
configure:5099: g++ -E  conftest.cpp
configure:5099: $? = 0
configure:5099: result: yes
configure:5099: checking for dirent.h
configure:5099: result: yes
configure:5099: checking fcntl.h usability
configure:5099: g++ -c -g -O2  conftest.cpp >&5
configure:5099: $? = 0
configure:5099: result: yes
configure:5099: checking fcntl.h presence
configure:5099: g++ -E  conftest.cpp
configure:5099: $? = 0
configure:5099: result: yes
configure:5099: checking for fcntl.h
configure:5099: result: yes
configure:5099: checking libgen.h usability
configure:5099: g++ -c -g -O2  conftest.cpp >&5
configure:5099: $? = 0
configure:5099: result: yes
configure:5099: checking libgen.h presence
configure:5099: g++ -E  conftest.cpp
configure:5099: $? = 0
configure:5099: result: yes
configure:5099: checking for libgen.h
configure:5099: result: yes
configure:5099: checking locale.h usability
configure:5099: g++ -c -g -O2  conftest.cpp >&5
configure:5099: $? = 0
configure:5099: result: yes
configure:5099: checking locale.h presence
configure:5099: g++ -E  conftest.cpp
configure:5099: $? = 0
configure:5099: result: yes
configure:5099: checking for locale.h
configure:5099: result: yes
configure:5099: checking math.h usability
configure:5099: g++ -c -g -O2  conftest.cpp >&5
configure:5099: $? = 0
configure:5099: result: yes
configure:5099: checking math.h presence
configure:5099: g++ -E  conftest.cpp
configure:5099: $? = 0
configure:5099: result: yes
configure:5099: checking for math.h
configure:5099: result: yes
configure:5099: checking nl_types.h usability
configure:5099: g++ -c -g -O2  conftest.cpp >&5
configure:5099: $? = 0
configure:5099: result: yes
configure:5099: checking nl_types.h presence
configure:5099: g++ -E  conftest.cpp
configure:5099: $? = 0
configure:5099: result: yes
configure:5099: checking for nl_types.h
configure:5099: result: yes
configure:5099: checking process.h usability
configure:5099: g++ -c -g -O2  conftest.cpp >&5
conftest.cpp:62:21: fatal error: process.h: No such file or directory
compilation terminated.
configure:5099: $? = 1
configure: failed program was:
| /* confdefs.h */
| #define PACKAGE_NAME ""
| #define PACKAGE_TARNAME ""
| #define PACKAGE_VERSION ""
| #define PACKAGE_STRING ""
| #define PACKAGE_BUGREPORT ""
| #define PACKAGE_URL ""
| #define STDC_HEADERS 1
| #define HAVE_SYS_TYPES_H 1
| #define HAVE_SYS_STAT_H 1
| #define HAVE_STDLIB_H 1
| #define HAVE_STRING_H 1
| #define HAVE_MEMORY_H 1
| #define HAVE_STRINGS_H 1
| #define HAVE_INTTYPES_H 1
| #define HAVE_STDINT_H 1
| #define HAVE_UNISTD_H 1
| #define STDC_HEADERS 1
| #define HAVE_STDBOOL_H 1
| #define HAVE_ERRNO_H 1
| #define HAVE_CTYPE_H 1
| #define HAVE_DIRENT_H 1
| #define HAVE_FCNTL_H 1
| #define HAVE_LIBGEN_H 1
| #define HAVE_LOCALE_H 1
| #define HAVE_MATH_H 1
| #define HAVE_NL_TYPES_H 1
| /* end confdefs.h.  */
| #include <stdio.h>
| #ifdef HAVE_SYS_TYPES_H
| # include <sys/types.h>
| #endif
| #ifdef HAVE_SYS_STAT_H
| # include <sys/stat.h>
| #endif
| #ifdef STDC_HEADERS
| # include <stdlib.h>
| # include <stddef.h>
| #else
| # ifdef HAVE_STDLIB_H
| #  include <stdlib.h>
| # endif
| #endif
| #ifdef HAVE_STRING_H
| # if !defined STDC_HEADERS && defined HAVE_MEMORY_H
| #  include <memory.h>
| # endif
| # include <string.h>
| #endif
| #ifdef HAVE_STRINGS_H
| # include <strings.h>
| #endif
| #ifdef HAVE_INTTYPES_H
| # include <inttypes.h>
| #endif
| #ifdef HAVE_STDINT_H
| # include <stdint.h>
| #endif
| #ifdef HAVE_UNISTD_H
| # include <unistd.h>
| #endif
| #include <process.h>
configure:5099: result: no
configure:5099: checking process.h presence
configure:5099: g++ -E  conftest.cpp
conftest.cpp:29:21: fatal error: process.h: No such file or directory
compilation terminated.
configure:5099: $? = 1
configure: failed program was:
| /* confdefs.h */
| #define PACKAGE_NAME ""
| #define PACKAGE_TARNAME ""
| #define PACKAGE_VERSION ""
| #define PACKAGE_STRING ""
| #define PACKAGE_BUGREPORT ""
| #define PACKAGE_URL ""
| #define STDC_HEADERS 1
| #define HAVE_SYS_TYPES_H 1
| #define HAVE_SYS_STAT_H 1
| #define HAVE_STDLIB_H 1
| #define HAVE_STRING_H 1
| #define HAVE_MEMORY_H 1
| #define HAVE_STRINGS_H 1
| #define HAVE_INTTYPES_H 1
| #define HAVE_STDINT_H 1
| #define HAVE_UNISTD_H 1
| #define STDC_HEADERS 1
| #define HAVE_STDBOOL_H 1
| #define HAVE_ERRNO_H 1
| #define HAVE_CTYPE_H 1
| #define HAVE_DIRENT_H 1
| #define HAVE_FCNTL_H 1
| #define HAVE_LIBGEN_H 1
| #define HAVE_LOCALE_H 1
| #define HAVE_MATH_H 1
| #define HAVE_NL_TYPES_H 1
| /* end confdefs.h.  */
| #include <process.h>
configure:5099: result: no
configure:5099: checking for process.h
configure:5099: result: no
configure:5099: checking signal.h usability
configure:5099: g++ -c -g -O2  conftest.cpp >&5
configure:5099: $? = 0
configure:5099: result: yes
configure:5099: checking signal.h presence
configure:5099: g++ -E  conftest.cpp
configure:5099: $? = 0
configure:5099: result: yes
configure:5099: checking for signal.h
configure:5099: result: yes
configure:5099: checking stdarg.h usability
configure:5099: g++ -c -g -O2  conftest.cpp >&5
configure:5099: $? = 0
configure:5099: result: yes
configure:5099: checking stdarg.h presence
configure:5099: g++ -E  conftest.cpp
configure:5099: $? = 0
configure:5099: result: yes
configure:5099: checking for stdarg.h
configure:5099: result: yes
configure:5099: checking stdio.h usability
configure:5099: g++ -c -g -O2  conftest.cpp >&5
configure:5099: $? = 0
configure:5099: result: yes
configure:5099: checking stdio.h presence
configure:5099: g++ -E  conftest.cpp
configure:5099: $? = 0
configure:5099: result: yes
configure:5099: checking for stdio.h
configure:5099: result: yes
configure:5099: checking time.h usability
configure:5099: g++ -c -g -O2  conftest.cpp >&5
configure:5099: $? = 0
configure:5099: result: yes
configure:5099: checking time.h presence
configure:5099: g++ -E  conftest.cpp
configure:5099: $? = 0
configure:5099: result: yes
configure:5099: checking for time.h
configure:5099: result: yes
configure:5099: checking for unistd.h
configure:5099: result: yes
configure:5099: checking sys/param.h usability
configure:5099: g++ -c -g -O2  conftest.cpp >&5
configure:5099: $? = 0
configure:5099: result: yes
configure:5099: checking sys/param.h presence
configure:5099: g++ -E  conftest.cpp
configure:5099: $? = 0
configure:5099: result: yes
configure:5099: checking for sys/param.h
configure:5099: result: yes
configure:5099: checking sys/select.h usability
configure:5099: g++ -c -g -O2  conftest.cpp >&5
configure:5099: $? = 0
configure:5099: result: yes
configure:5099: checking sys/select.h presence
configure:5099: g++ -E  conftest.cpp
configure:5099: $? = 0
configure:5099: result: yes
configure:5099: checking for sys/select.h
configure:5099: result: yes
configure:5099: checking sys/signal.h usability
configure:5099: g++ -c -g -O2  conftest.cpp >&5
configure:5099: $? = 0
configure:5099: result: yes
configure:5099: checking sys/signal.h presence
configure:5099: g++ -E  conftest.cpp
configure:5099: $? = 0
configure:5099: result: yes
configure:5099: checking for sys/signal.h
configure:5099: result: yes
configure:5099: checking for sys/stat.h
configure:5099: result: yes
configure:5099: checking sys/time.h usability
configure:5099: g++ -c -g -O2  conftest.cpp >&5
configure:5099: $? = 0
configure:5099: result: yes
configure:5099: checking sys/time.h presence
configure:5099: g++ -E  conftest.cpp
configure:5099: $? = 0
configure:5099: result: yes
configure:5099: checking for sys/time.h
configure:5099: result: yes
configure:5099: checking for sys/types.h
configure:5099: result: yes
configure:5099: checking sys/wait.h usability
configure:5099: g++ -c -g -O2  conftest.cpp >&5
configure:5099: $? = 0
configure:5099: result: yes
configure:5099: checking sys/wait.h presence
configure:5099: g++ -E  conftest.cpp
configure:5099: $? = 0
configure:5099: result: yes
configure:5099: checking for sys/wait.h
configure:5099: result: yes
configure:5099: checking langinfo.h usability
configure:5099: g++ -c -g -O2  conftest.cpp >&5
configure:5099: $? = 0
configure:5099: result: yes
configure:5099: checking langinfo.h presence
configure:5099: g++ -E  conftest.cpp
configure:5099: $? = 0
configure:5099: result: yes
configure:5099: checking for langinfo.h
configure:5099: result: yes
configure:5099: checking iconv.h usability
configure:5099: g++ -c -g -O2  conftest.cpp >&5
configure:5099: $? = 0
configure:5099: result: yes
configure:5099: checking iconv.h presence
configure:5099: g++ -E  conftest.cpp
configure:5099: $? = 0
configure:5099: result: yes
configure:5099: checking for iconv.h
configure:5099: result: yes
configure:5114: checking sstream usability
configure:5114: g++ -c -g -O2  conftest.cpp >&5
configure:5114: $? = 0
configure:5114: result: yes
configure:5114: checking sstream presence
configure:5114: g++ -E  conftest.cpp
configure:5114: $? = 0
configure:5114: result: yes
configure:5114: checking for sstream
configure:5114: result: yes
configure:5145: checking cassert usability
configure:5145: g++ -c -g -O2  conftest.cpp >&5
configure:5145: $? = 0
configure:5145: result: yes
configure:5145: checking cassert presence
configure:5145: g++ -E  conftest.cpp
configure:5145: $? = 0
configure:5145: result: yes
configure:5145: checking for cassert
configure:5145: result: yes
configure:5145: checking cctype usability
configure:5145: g++ -c -g -O2  conftest.cpp >&5
configure:5145: $? = 0
configure:5145: result: yes
configure:5145: checking cctype presence
configure:5145: g++ -E  conftest.cpp
configure:5145: $? = 0
configure:5145: result: yes
configure:5145: checking for cctype
configure:5145: result: yes
configure:5145: checking cerrno usability
configure:5145: g++ -c -g -O2  conftest.cpp >&5
configure:5145: $? = 0
configure:5145: result: yes
configure:5145: checking cerrno presence
configure:5145: g++ -E  conftest.cpp
configure:5145: $? = 0
configure:5145: result: yes
configure:5145: checking for cerrno
configure:5145: result: yes
configure:5145: checking cmath usability
configure:5145: g++ -c -g -O2  conftest.cpp >&5
configure:5145: $? = 0
configure:5145: result: yes
configure:5145: checking cmath presence
configure:5145: g++ -E  conftest.cpp
configure:5145: $? = 0
configure:5145: result: yes
configure:5145: checking for cmath
configure:5145: result: yes
configure:5145: checking cstdarg usability
configure:5145: g++ -c -g -O2  conftest.cpp >&5
configure:5145: $? = 0
configure:5145: result: yes
configure:5145: checking cstdarg presence
configure:5145: g++ -E  conftest.cpp
configure:5145: $? = 0
configure:5145: result: yes
configure:5145: checking for cstdarg
configure:5145: result: yes
configure:5145: checking cstdio usability
configure:5145: g++ -c -g -O2  conftest.cpp >&5
configure:5145: $? = 0
configure:5145: result: yes
configure:5145: checking cstdio presence
configure:5145: g++ -E  conftest.cpp
configure:5145: $? = 0
configure:5145: result: yes
configure:5145: checking for cstdio
configure:5145: result: yes
configure:5145: checking cstdlib usability
configure:5145: g++ -c -g -O2  conftest.cpp >&5
configure:5145: $? = 0
configure:5145: result: yes
configure:5145: checking cstdlib presence
configure:5145: g++ -E  conftest.cpp
configure:5145: $? = 0
configure:5145: result: yes
configure:5145: checking for cstdlib
configure:5145: result: yes
configure:5145: checking cstring usability
configure:5145: g++ -c -g -O2  conftest.cpp >&5
configure:5145: $? = 0
configure:5145: result: yes
configure:5145: checking cstring presence
configure:5145: g++ -E  conftest.cpp
configure:5145: $? = 0
configure:5145: result: yes
configure:5145: checking for cstring
configure:5145: result: yes
configure:5145: checking ctime usability
configure:5145: g++ -c -g -O2  conftest.cpp >&5
configure:5145: $? = 0
configure:5145: result: yes
configure:5145: checking ctime presence
configure:5145: g++ -E  conftest.cpp
configure:5145: $? = 0
configure:5145: result: yes
configure:5145: checking for ctime
configure:5145: result: yes
configure:5160: checking for dirent.h that defines DIR
configure:5179: g++ -c -g -O2  conftest.cpp >&5
configure:5179: $? = 0
configure:5187: result: yes
configure:5200: checking for library containing opendir
configure:5231: g++ -o conftest -g -O2   conftest.cpp  >&5
configure:5231: $? = 0
configure:5248: result: none required
configure:5315: checking whether closedir returns void
configure:5339: g++ -o conftest -g -O2   conftest.cpp  >&5
configure:5339: $? = 0
configure:5339: ./conftest
configure:5339: $? = 0
configure:5349: result: no
configure:5357: checking for error_at_line
configure:5373: g++ -o conftest -g -O2   conftest.cpp  >&5
configure:5373: $? = 0
configure:5381: result: yes
configure:5394: checking vfork.h usability
configure:5394: g++ -c -g -O2  conftest.cpp >&5
conftest.cpp:87:19: fatal error: vfork.h: No such file or directory
compilation terminated.
configure:5394: $? = 1
configure: failed program was:
| /* confdefs.h */
| #define PACKAGE_NAME ""
| #define PACKAGE_TARNAME ""
| #define PACKAGE_VERSION ""
| #define PACKAGE_STRING ""
| #define PACKAGE_BUGREPORT ""
| #define PACKAGE_URL ""
| #define STDC_HEADERS 1
| #define HAVE_SYS_TYPES_H 1
| #define HAVE_SYS_STAT_H 1
| #define HAVE_STDLIB_H 1
| #define HAVE_STRING_H 1
| #define HAVE_MEMORY_H 1
| #define HAVE_STRINGS_H 1
| #define HAVE_INTTYPES_H 1
| #define HAVE_STDINT_H 1
| #define HAVE_UNISTD_H 1
| #define STDC_HEADERS 1
| #define HAVE_STDBOOL_H 1
| #define HAVE_ERRNO_H 1
| #define HAVE_CTYPE_H 1
| #define HAVE_DIRENT_H 1
| #define HAVE_FCNTL_H 1
| #define HAVE_LIBGEN_H 1
| #define HAVE_LOCALE_H 1
| #define HAVE_MATH_H 1
| #define HAVE_NL_TYPES_H 1
| #define HAVE_SIGNAL_H 1
| #define HAVE_STDARG_H 1
| #define HAVE_STDIO_H 1
| #define HAVE_TIME_H 1
| #define HAVE_UNISTD_H 1
| #define HAVE_SYS_PARAM_H 1
| #define HAVE_SYS_SELECT_H 1
| #define HAVE_SYS_SIGNAL_H 1
| #define HAVE_SYS_STAT_H 1
| #define HAVE_SYS_TIME_H 1
| #define HAVE_SYS_TYPES_H 1
| #define HAVE_SYS_WAIT_H 1
| #define HAVE_LANGINFO_H 1
| #define HAVE_ICONV_H 1
| #define HAVE_SSTREAM 1
| #define HAVE_CASSERT 1
| #define HAVE_CCTYPE 1
| #define HAVE_CERRNO 1
| #define HAVE_CMATH 1
| #define HAVE_CSTDARG 1
| #define HAVE_CSTDIO 1
| #define HAVE_CSTDLIB 1
| #define HAVE_CSTRING 1
| #define HAVE_CTIME 1
| #define HAVE_DIRENT_H 1
| /* end confdefs.h.  */
| #include <stdio.h>
| #ifdef HAVE_SYS_TYPES_H
| # include <sys/types.h>
| #endif
| #ifdef HAVE_SYS_STAT_H
| # include <sys/stat.h>
| #endif
| #ifdef STDC_HEADERS
| # include <stdlib.h>
| # include <stddef.h>
| #else
| # ifdef HAVE_STDLIB_H
| #  include <stdlib.h>
| # endif
| #endif
| #ifdef HAVE_STRING_H
| # if !defined STDC_HEADERS && defined HAVE_MEMORY_H
| #  include <memory.h>
| # endif
| # include <string.h>
| #endif
| #ifdef HAVE_STRINGS_H
| # include <strings.h>
| #endif
| #ifdef HAVE_INTTYPES_H
| # include <inttypes.h>
| #endif
| #ifdef HAVE_STDINT_H
| # include <stdint.h>
| #endif
| #ifdef HAVE_UNISTD_H
| # include <unistd.h>
| #endif
| #include <vfork.h>
configure:5394: result: no
configure:5394: checking vfork.h presence
configure:5394: g++ -E  conftest.cpp
conftest.cpp:54:19: fatal error: vfork.h: No such file or directory
compilation terminated.
configure:5394: $? = 1
configure: failed program was:
| /* confdefs.h */
| #define PACKAGE_NAME ""
| #define PACKAGE_TARNAME ""
| #define PACKAGE_VERSION ""
| #define PACKAGE_STRING ""
| #define PACKAGE_BUGREPORT ""
| #define PACKAGE_URL ""
| #define STDC_HEADERS 1
| #define HAVE_SYS_TYPES_H 1
| #define HAVE_SYS_STAT_H 1
| #define HAVE_STDLIB_H 1
| #define HAVE_STRING_H 1
| #define HAVE_MEMORY_H 1
| #define HAVE_STRINGS_H 1
| #define HAVE_INTTYPES_H 1
| #define HAVE_STDINT_H 1
| #define HAVE_UNISTD_H 1
| #define STDC_HEADERS 1
| #define HAVE_STDBOOL_H 1
| #define HAVE_ERRNO_H 1
| #define HAVE_CTYPE_H 1
| #define HAVE_DIRENT_H 1
| #define HAVE_FCNTL_H 1
| #define HAVE_LIBGEN_H 1
| #define HAVE_LOCALE_H 1
| #define HAVE_MATH_H 1
| #define HAVE_NL_TYPES_H 1
| #define HAVE_SIGNAL_H 1
| #define HAVE_STDARG_H 1
| #define HAVE_STDIO_H 1
| #define HAVE_TIME_H 1
| #define HAVE_UNISTD_H 1
| #define HAVE_SYS_PARAM_H 1
| #define HAVE_SYS_SELECT_H 1
| #define HAVE_SYS_SIGNAL_H 1
| #define HAVE_SYS_STAT_H 1
| #define HAVE_SYS_TIME_H 1
| #define HAVE_SYS_TYPES_H 1
| #define HAVE_SYS_WAIT_H 1
| #define HAVE_LANGINFO_H 1
| #define HAVE_ICONV_H 1
| #define HAVE_SSTREAM 1
| #define HAVE_CASSERT 1
| #define HAVE_CCTYPE 1
| #define HAVE_CERRNO 1
| #define HAVE_CMATH 1
| #define HAVE_CSTDARG 1
| #define HAVE_CSTDIO 1
| #define HAVE_CSTDLIB 1
| #define HAVE_CSTRING 1
| #define HAVE_CTIME 1
| #define HAVE_DIRENT_H 1
| /* end confdefs.h.  */
| #include <vfork.h>
configure:5394: result: no
configure:5394: checking for vfork.h
configure:5394: result: no
configure:5407: checking for fork
configure:5407: g++ -o conftest -g -O2   conftest.cpp  >&5
configure:5407: $? = 0
configure:5407: result: yes
configure:5407: checking for vfork
configure:5407: g++ -o conftest -g -O2   conftest.cpp  >&5
configure:5407: $? = 0
configure:5407: result: yes
configure:5417: checking for working fork
configure:5439: g++ -o conftest -g -O2   conftest.cpp  >&5
configure:5439: $? = 0
configure:5439: ./conftest
configure:5439: $? = 0
configure:5449: result: yes
configure:5470: checking for working vfork
configure:5580: result: yes
configure:5607: checking for stdlib.h
configure:5607: result: yes
configure:5617: checking for GNU libc compatible malloc
configure:5641: g++ -o conftest -g -O2   conftest.cpp  >&5
configure:5641: $? = 0
configure:5641: ./conftest
configure:5641: $? = 0
configure:5651: result: yes
configure:5674: checking for stdlib.h
configure:5674: result: yes
configure:5684: checking for GNU libc compatible realloc
configure:5708: g++ -o conftest -g -O2   conftest.cpp  >&5
configure:5708: $? = 0
configure:5708: ./conftest
configure:5708: $? = 0
configure:5718: result: yes
configure:5742: checking for sys/select.h
configure:5742: result: yes
configure:5742: checking sys/socket.h usability
configure:5742: g++ -c -g -O2  conftest.cpp >&5
configure:5742: $? = 0
configure:5742: result: yes
configure:5742: checking sys/socket.h presence
configure:5742: g++ -E  conftest.cpp
configure:5742: $? = 0
configure:5742: result: yes
configure:5742: checking for sys/socket.h
configure:5742: result: yes
configure:5752: checking types of arguments for select
configure:5780: g++ -c -g -O2  conftest.cpp >&5
configure:5780: $? = 0
configure:5791: result: int,fd_set *,struct timeval *
configure:5814: checking whether lstat correctly handles trailing slash
configure:5840: g++ -o conftest -g -O2   conftest.cpp  >&5
configure:5840: $? = 0
configure:5840: ./conftest
configure:5840: $? = 0
configure:5857: result: yes
configure:5876: checking whether stat accepts an empty string
configure:5896: g++ -o conftest -g -O2   conftest.cpp  >&5
configure:5896: $? = 0
configure:5896: ./conftest
configure:5896: $? = 0
configure:5906: result: no
configure:5925: checking for basename
configure:5925: g++ -o conftest -g -O2   conftest.cpp  >&5
configure:5925: $? = 0
configure:5925: result: yes
configure:5980: checking for catclose
configure:5980: g++ -o conftest -g -O2   conftest.cpp  >&5
configure:5980: $? = 0
configure:5980: result: yes
configure:5980: checking for catgets
configure:5980: g++ -o conftest -g -O2   conftest.cpp  >&5
configure:5980: $? = 0
configure:5980: result: yes
configure:5980: checking for catopen
configure:5980: g++ -o conftest -g -O2   conftest.cpp  >&5
configure:5980: $? = 0
configure:5980: result: yes
configure:5980: checking for getpid
configure:5980: g++ -o conftest -g -O2   conftest.cpp  >&5
configure:5980: $? = 0
configure:5980: result: yes
configure:5980: checking for gettimeofday
configure:5980: g++ -o conftest -g -O2   conftest.cpp  >&5
configure:5980: $? = 0
configure:5980: result: yes
configure:5980: checking for memset
configure:5980: g++ -o conftest -g -O2   conftest.cpp  >&5
configure:5980: $? = 0
configure:5980: result: yes
configure:5980: checking for mkdir
configure:5980: g++ -o conftest -g -O2   conftest.cpp  >&5
configure:5980: $? = 0
configure:5980: result: yes
configure:5980: checking for nl_langinfo
configure:5980: g++ -o conftest -g -O2   conftest.cpp  >&5
configure:5980: $? = 0
configure:5980: result: yes
configure:5980: checking for putenv
configure:5980: g++ -o conftest -g -O2   conftest.cpp  >&5
configure:5980: $? = 0
configure:5980: result: yes
configure:5980: checking for regcomp
configure:5980: g++ -o conftest -g -O2   conftest.cpp  >&5
configure:5980: $? = 0
configure:5980: result: yes
configure:5980: checking for select
configure:5980: g++ -o conftest -g -O2   conftest.cpp  >&5
configure:5980: $? = 0
configure:5980: result: yes
configure:5980: checking for setenv
configure:5980: g++ -o conftest -g -O2   conftest.cpp  >&5
configure:5980: $? = 0
configure:5980: result: yes
configure:5980: checking for setlocale
configure:5980: g++ -o conftest -g -O2   conftest.cpp  >&5
configure:5980: $? = 0
configure:5980: result: yes
configure:5980: checking for sigaction
configure:5980: g++ -o conftest -g -O2   conftest.cpp  >&5
configure:5980: $? = 0
configure:5980: result: yes
configure:5980: checking for snprintf
configure:5980: g++ -o conftest -g -O2   conftest.cpp  >&5
configure:5980: $? = 0
configure:5980: result: yes
configure:5980: checking for sqrt
configure:5980: g++ -o conftest -g -O2   conftest.cpp  >&5
configure:5980: $? = 0
configure:5980: result: yes
configure:5980: checking for strcasecmp
configure:5980: g++ -o conftest -g -O2   conftest.cpp  >&5
configure:5980: $? = 0
configure:5980: result: yes
configure:5980: checking for strcasestr
configure:5980: g++ -o conftest -g -O2   conftest.cpp  >&5
configure:5980: $? = 0
configure:5980: result: yes
configure:5980: checking for strchr
configure:5980: g++ -o conftest -g -O2   conftest.cpp  >&5
configure:5980: $? = 0
configure:5980: result: yes
configure:5980: checking for strstr
configure:5980: g++ -o conftest -g -O2   conftest.cpp  >&5
configure:5980: $? = 0
configure:5980: result: yes
configure:5980: checking for strtol
configure:5980: g++ -o conftest -g -O2   conftest.cpp  >&5
configure:5980: $? = 0
configure:5980: result: yes
configure:5980: checking for strtoul
configure:5980: g++ -o conftest -g -O2   conftest.cpp  >&5
configure:5980: $? = 0
configure:5980: result: yes
configure:5980: checking for vsnprintf
configure:5980: g++ -o conftest -g -O2   conftest.cpp  >&5
configure:5980: $? = 0
configure:5980: result: yes
configure:5992: checking for strftime
configure:6011: g++ -c -g -O2  conftest.cpp >&5
configure:6011: $? = 0
configure:6016: result: yes
configure:6026: checking whether struct tm is in sys/time.h or time.h
configure:6046: g++ -c -g -O2  conftest.cpp >&5
configure:6046: $? = 0
configure:6053: result: time.h
configure:6080: g++ -c -g -O2  conftest.cpp >&5
configure:6080: $? = 0
configure:6103: g++ -c -g -O2  conftest.cpp >&5
conftest.cpp: In function 'int main()':
conftest.cpp:99:35: error: 'libiconv_open' was not declared in this scope
configure:6103: $? = 1
configure: failed program was:
| /* confdefs.h */
| #define PACKAGE_NAME ""
| #define PACKAGE_TARNAME ""
| #define PACKAGE_VERSION ""
| #define PACKAGE_STRING ""
| #define PACKAGE_BUGREPORT ""
| #define PACKAGE_URL ""
| #define STDC_HEADERS 1
| #define HAVE_SYS_TYPES_H 1
| #define HAVE_SYS_STAT_H 1
| #define HAVE_STDLIB_H 1
| #define HAVE_STRING_H 1
| #define HAVE_MEMORY_H 1
| #define HAVE_STRINGS_H 1
| #define HAVE_INTTYPES_H 1
| #define HAVE_STDINT_H 1
| #define HAVE_UNISTD_H 1
| #define STDC_HEADERS 1
| #define HAVE_STDBOOL_H 1
| #define HAVE_ERRNO_H 1
| #define HAVE_CTYPE_H 1
| #define HAVE_DIRENT_H 1
| #define HAVE_FCNTL_H 1
| #define HAVE_LIBGEN_H 1
| #define HAVE_LOCALE_H 1
| #define HAVE_MATH_H 1
| #define HAVE_NL_TYPES_H 1
| #define HAVE_SIGNAL_H 1
| #define HAVE_STDARG_H 1
| #define HAVE_STDIO_H 1
| #define HAVE_TIME_H 1
| #define HAVE_UNISTD_H 1
| #define HAVE_SYS_PARAM_H 1
| #define HAVE_SYS_SELECT_H 1
| #define HAVE_SYS_SIGNAL_H 1
| #define HAVE_SYS_STAT_H 1
| #define HAVE_SYS_TIME_H 1
| #define HAVE_SYS_TYPES_H 1
| #define HAVE_SYS_WAIT_H 1
| #define HAVE_LANGINFO_H 1
| #define HAVE_ICONV_H 1
| #define HAVE_SSTREAM 1
| #define HAVE_CASSERT 1
| #define HAVE_CCTYPE 1
| #define HAVE_CERRNO 1
| #define HAVE_CMATH 1
| #define HAVE_CSTDARG 1
| #define HAVE_CSTDIO 1
| #define HAVE_CSTDLIB 1
| #define HAVE_CSTRING 1
| #define HAVE_CTIME 1
| #define HAVE_DIRENT_H 1
| #define HAVE_FORK 1
| #define HAVE_VFORK 1
| #define HAVE_WORKING_VFORK 1
| #define HAVE_WORKING_FORK 1
| #define HAVE_STDLIB_H 1
| #define HAVE_MALLOC 1
| #define HAVE_STDLIB_H 1
| #define HAVE_REALLOC 1
| #define HAVE_SYS_SELECT_H 1
| #define HAVE_SYS_SOCKET_H 1
| #define SELECT_TYPE_ARG1 int
| #define SELECT_TYPE_ARG234 (fd_set *)
| #define SELECT_TYPE_ARG5 (struct timeval *)
| #define LSTAT_FOLLOWS_SLASHED_SYMLINK 1
| #define HAVE_BASENAME 1
| #define HAVE_CATCLOSE 1
| #define HAVE_CATGETS 1
| #define HAVE_CATOPEN 1
| #define HAVE_GETPID 1
| #define HAVE_GETTIMEOFDAY 1
| #define HAVE_MEMSET 1
| #define HAVE_MKDIR 1
| #define HAVE_NL_LANGINFO 1
| #define HAVE_PUTENV 1
| #define HAVE_REGCOMP 1
| #define HAVE_SELECT 1
| #define HAVE_SETENV 1
| #define HAVE_SETLOCALE 1
| #define HAVE_SIGACTION 1
| #define HAVE_SNPRINTF 1
| #define HAVE_SQRT 1
| #define HAVE_STRCASECMP 1
| #define HAVE_STRCASESTR 1
| #define HAVE_STRCHR 1
| #define HAVE_STRSTR 1
| #define HAVE_STRTOL 1
| #define HAVE_STRTOUL 1
| #define HAVE_VSNPRINTF 1
| #define HAVE_STRFTIME 1
| /* end confdefs.h.  */
| #include <stdlib.h>
|           #include <iconv.h>
| int
| main ()
| {
| 
|           libiconv_open(NULL, NULL);
|           return 0;
| 
| 
|   ;
|   return 0;
| }
configure:6114: checking for iconv_open in -liconv
configure:6139: g++ -o conftest -g -O2   conftest.cpp -liconv   >&5
/usr/bin/ld: cannot find -liconv
collect2: ld returned 1 exit status
configure:6139: $? = 1
configure: failed program was:
| /* confdefs.h */
| #define PACKAGE_NAME ""
| #define PACKAGE_TARNAME ""
| #define PACKAGE_VERSION ""
| #define PACKAGE_STRING ""
| #define PACKAGE_BUGREPORT ""
| #define PACKAGE_URL ""
| #define STDC_HEADERS 1
| #define HAVE_SYS_TYPES_H 1
| #define HAVE_SYS_STAT_H 1
| #define HAVE_STDLIB_H 1
| #define HAVE_STRING_H 1
| #define HAVE_MEMORY_H 1
| #define HAVE_STRINGS_H 1
| #define HAVE_INTTYPES_H 1
| #define HAVE_STDINT_H 1
| #define HAVE_UNISTD_H 1
| #define STDC_HEADERS 1
| #define HAVE_STDBOOL_H 1
| #define HAVE_ERRNO_H 1
| #define HAVE_CTYPE_H 1
| #define HAVE_DIRENT_H 1
| #define HAVE_FCNTL_H 1
| #define HAVE_LIBGEN_H 1
| #define HAVE_LOCALE_H 1
| #define HAVE_MATH_H 1
| #define HAVE_NL_TYPES_H 1
| #define HAVE_SIGNAL_H 1
| #define HAVE_STDARG_H 1
| #define HAVE_STDIO_H 1
| #define HAVE_TIME_H 1
| #define HAVE_UNISTD_H 1
| #define HAVE_SYS_PARAM_H 1
| #define HAVE_SYS_SELECT_H 1
| #define HAVE_SYS_SIGNAL_H 1
| #define HAVE_SYS_STAT_H 1
| #define HAVE_SYS_TIME_H 1
| #define HAVE_SYS_TYPES_H 1
| #define HAVE_SYS_WAIT_H 1
| #define HAVE_LANGINFO_H 1
| #define HAVE_ICONV_H 1
| #define HAVE_SSTREAM 1
| #define HAVE_CASSERT 1
| #define HAVE_CCTYPE 1
| #define HAVE_CERRNO 1
| #define HAVE_CMATH 1
| #define HAVE_CSTDARG 1
| #define HAVE_CSTDIO 1
| #define HAVE_CSTDLIB 1
| #define HAVE_CSTRING 1
| #define HAVE_CTIME 1
| #define HAVE_DIRENT_H 1
| #define HAVE_FORK 1
| #define HAVE_VFORK 1
| #define HAVE_WORKING_VFORK 1
| #define HAVE_WORKING_FORK 1
| #define HAVE_STDLIB_H 1
| #define HAVE_MALLOC 1
| #define HAVE_STDLIB_H 1
| #define HAVE_REALLOC 1
| #define HAVE_SYS_SELECT_H 1
| #define HAVE_SYS_SOCKET_H 1
| #define SELECT_TYPE_ARG1 int
| #define SELECT_TYPE_ARG234 (fd_set *)
| #define SELECT_TYPE_ARG5 (struct timeval *)
| #define LSTAT_FOLLOWS_SLASHED_SYMLINK 1
| #define HAVE_BASENAME 1
| #define HAVE_CATCLOSE 1
| #define HAVE_CATGETS 1
| #define HAVE_CATOPEN 1
| #define HAVE_GETPID 1
| #define HAVE_GETTIMEOFDAY 1
| #define HAVE_MEMSET 1
| #define HAVE_MKDIR 1
| #define HAVE_NL_LANGINFO 1
| #define HAVE_PUTENV 1
| #define HAVE_REGCOMP 1
| #define HAVE_SELECT 1
| #define HAVE_SETENV 1
| #define HAVE_SETLOCALE 1
| #define HAVE_SIGACTION 1
| #define HAVE_SNPRINTF 1
| #define HAVE_SQRT 1
| #define HAVE_STRCASECMP 1
| #define HAVE_STRCASESTR 1
| #define HAVE_STRCHR 1
| #define HAVE_STRSTR 1
| #define HAVE_STRTOL 1
| #define HAVE_STRTOUL 1
| #define HAVE_VSNPRINTF 1
| #define HAVE_STRFTIME 1
| #define HAVE_ICONV 1
| /* end confdefs.h.  */
| 
| /* Override any GCC internal prototype to avoid an error.
|    Use char because int might match the return type of a GCC
|    builtin and then its argument prototype would still apply.  */
| #ifdef __cplusplus
| extern "C"
| #endif
| char iconv_open ();
| int
| main ()
| {
| return iconv_open ();
|   ;
|   return 0;
| }
configure:6148: result: no
configure:6156: checking for libiconv_open in -liconv
configure:6181: g++ -o conftest -g -O2   conftest.cpp -liconv   >&5
/usr/bin/ld: cannot find -liconv
collect2: ld returned 1 exit status
configure:6181: $? = 1
configure: failed program was:
| /* confdefs.h */
| #define PACKAGE_NAME ""
| #define PACKAGE_TARNAME ""
| #define PACKAGE_VERSION ""
| #define PACKAGE_STRING ""
| #define PACKAGE_BUGREPORT ""
| #define PACKAGE_URL ""
| #define STDC_HEADERS 1
| #define HAVE_SYS_TYPES_H 1
| #define HAVE_SYS_STAT_H 1
| #define HAVE_STDLIB_H 1
| #define HAVE_STRING_H 1
| #define HAVE_MEMORY_H 1
| #define HAVE_STRINGS_H 1
| #define HAVE_INTTYPES_H 1
| #define HAVE_STDINT_H 1
| #define HAVE_UNISTD_H 1
| #define STDC_HEADERS 1
| #define HAVE_STDBOOL_H 1
| #define HAVE_ERRNO_H 1
| #define HAVE_CTYPE_H 1
| #define HAVE_DIRENT_H 1
| #define HAVE_FCNTL_H 1
| #define HAVE_LIBGEN_H 1
| #define HAVE_LOCALE_H 1
| #define HAVE_MATH_H 1
| #define HAVE_NL_TYPES_H 1
| #define HAVE_SIGNAL_H 1
| #define HAVE_STDARG_H 1
| #define HAVE_STDIO_H 1
| #define HAVE_TIME_H 1
| #define HAVE_UNISTD_H 1
| #define HAVE_SYS_PARAM_H 1
| #define HAVE_SYS_SELECT_H 1
| #define HAVE_SYS_SIGNAL_H 1
| #define HAVE_SYS_STAT_H 1
| #define HAVE_SYS_TIME_H 1
| #define HAVE_SYS_TYPES_H 1
| #define HAVE_SYS_WAIT_H 1
| #define HAVE_LANGINFO_H 1
| #define HAVE_ICONV_H 1
| #define HAVE_SSTREAM 1
| #define HAVE_CASSERT 1
| #define HAVE_CCTYPE 1
| #define HAVE_CERRNO 1
| #define HAVE_CMATH 1
| #define HAVE_CSTDARG 1
| #define HAVE_CSTDIO 1
| #define HAVE_CSTDLIB 1
| #define HAVE_CSTRING 1
| #define HAVE_CTIME 1
| #define HAVE_DIRENT_H 1
| #define HAVE_FORK 1
| #define HAVE_VFORK 1
| #define HAVE_WORKING_VFORK 1
| #define HAVE_WORKING_FORK 1
| #define HAVE_STDLIB_H 1
| #define HAVE_MALLOC 1
| #define HAVE_STDLIB_H 1
| #define HAVE_REALLOC 1
| #define HAVE_SYS_SELECT_H 1
| #define HAVE_SYS_SOCKET_H 1
| #define SELECT_TYPE_ARG1 int
| #define SELECT_TYPE_ARG234 (fd_set *)
| #define SELECT_TYPE_ARG5 (struct timeval *)
| #define LSTAT_FOLLOWS_SLASHED_SYMLINK 1
| #define HAVE_BASENAME 1
| #define HAVE_CATCLOSE 1
| #define HAVE_CATGETS 1
| #define HAVE_CATOPEN 1
| #define HAVE_GETPID 1
| #define HAVE_GETTIMEOFDAY 1
| #define HAVE_MEMSET 1
| #define HAVE_MKDIR 1
| #define HAVE_NL_LANGINFO 1
| #define HAVE_PUTENV 1
| #define HAVE_REGCOMP 1
| #define HAVE_SELECT 1
| #define HAVE_SETENV 1
| #define HAVE_SETLOCALE 1
| #define HAVE_SIGACTION 1
| #define HAVE_SNPRINTF 1
| #define HAVE_SQRT 1
| #define HAVE_STRCASECMP 1
| #define HAVE_STRCASESTR 1
| #define HAVE_STRCHR 1
| #define HAVE_STRSTR 1
| #define HAVE_STRTOL 1
| #define HAVE_STRTOUL 1
| #define HAVE_VSNPRINTF 1
| #define HAVE_STRFTIME 1
| #define HAVE_ICONV 1
| /* end confdefs.h.  */
| 
| /* Override any GCC internal prototype to avoid an error.
|    Use char because int might match the return type of a GCC
|    builtin and then its argument prototype would still apply.  */
| #ifdef __cplusplus
| extern "C"
| #endif
| char libiconv_open ();
| int
| main ()
| {
| return libiconv_open ();
|   ;
|   return 0;
| }
configure:6190: result: no
configure:6199: checking for iconv declaration
configure:6222: g++ -c -g -O2  conftest.cpp >&5
configure:6222: $? = 0
configure:6230: result: no
configure:6240: checking for t_open in -lnsl
configure:6265: g++ -o conftest -g -O2   conftest.cpp -lnsl   >&5
/tmp/ccoLvOom.o: In function `main':
/home/minoru/src/fluxbox-ng/conftest.cpp:105: undefined reference to `t_open'
collect2: ld returned 1 exit status
configure:6265: $? = 1
configure: failed program was:
| /* confdefs.h */
| #define PACKAGE_NAME ""
| #define PACKAGE_TARNAME ""
| #define PACKAGE_VERSION ""
| #define PACKAGE_STRING ""
| #define PACKAGE_BUGREPORT ""
| #define PACKAGE_URL ""
| #define STDC_HEADERS 1
| #define HAVE_SYS_TYPES_H 1
| #define HAVE_SYS_STAT_H 1
| #define HAVE_STDLIB_H 1
| #define HAVE_STRING_H 1
| #define HAVE_MEMORY_H 1
| #define HAVE_STRINGS_H 1
| #define HAVE_INTTYPES_H 1
| #define HAVE_STDINT_H 1
| #define HAVE_UNISTD_H 1
| #define STDC_HEADERS 1
| #define HAVE_STDBOOL_H 1
| #define HAVE_ERRNO_H 1
| #define HAVE_CTYPE_H 1
| #define HAVE_DIRENT_H 1
| #define HAVE_FCNTL_H 1
| #define HAVE_LIBGEN_H 1
| #define HAVE_LOCALE_H 1
| #define HAVE_MATH_H 1
| #define HAVE_NL_TYPES_H 1
| #define HAVE_SIGNAL_H 1
| #define HAVE_STDARG_H 1
| #define HAVE_STDIO_H 1
| #define HAVE_TIME_H 1
| #define HAVE_UNISTD_H 1
| #define HAVE_SYS_PARAM_H 1
| #define HAVE_SYS_SELECT_H 1
| #define HAVE_SYS_SIGNAL_H 1
| #define HAVE_SYS_STAT_H 1
| #define HAVE_SYS_TIME_H 1
| #define HAVE_SYS_TYPES_H 1
| #define HAVE_SYS_WAIT_H 1
| #define HAVE_LANGINFO_H 1
| #define HAVE_ICONV_H 1
| #define HAVE_SSTREAM 1
| #define HAVE_CASSERT 1
| #define HAVE_CCTYPE 1
| #define HAVE_CERRNO 1
| #define HAVE_CMATH 1
| #define HAVE_CSTDARG 1
| #define HAVE_CSTDIO 1
| #define HAVE_CSTDLIB 1
| #define HAVE_CSTRING 1
| #define HAVE_CTIME 1
| #define HAVE_DIRENT_H 1
| #define HAVE_FORK 1
| #define HAVE_VFORK 1
| #define HAVE_WORKING_VFORK 1
| #define HAVE_WORKING_FORK 1
| #define HAVE_STDLIB_H 1
| #define HAVE_MALLOC 1
| #define HAVE_STDLIB_H 1
| #define HAVE_REALLOC 1
| #define HAVE_SYS_SELECT_H 1
| #define HAVE_SYS_SOCKET_H 1
| #define SELECT_TYPE_ARG1 int
| #define SELECT_TYPE_ARG234 (fd_set *)
| #define SELECT_TYPE_ARG5 (struct timeval *)
| #define LSTAT_FOLLOWS_SLASHED_SYMLINK 1
| #define HAVE_BASENAME 1
| #define HAVE_CATCLOSE 1
| #define HAVE_CATGETS 1
| #define HAVE_CATOPEN 1
| #define HAVE_GETPID 1
| #define HAVE_GETTIMEOFDAY 1
| #define HAVE_MEMSET 1
| #define HAVE_MKDIR 1
| #define HAVE_NL_LANGINFO 1
| #define HAVE_PUTENV 1
| #define HAVE_REGCOMP 1
| #define HAVE_SELECT 1
| #define HAVE_SETENV 1
| #define HAVE_SETLOCALE 1
| #define HAVE_SIGACTION 1
| #define HAVE_SNPRINTF 1
| #define HAVE_SQRT 1
| #define HAVE_STRCASECMP 1
| #define HAVE_STRCASESTR 1
| #define HAVE_STRCHR 1
| #define HAVE_STRSTR 1
| #define HAVE_STRTOL 1
| #define HAVE_STRTOUL 1
| #define HAVE_VSNPRINTF 1
| #define HAVE_STRFTIME 1
| #define HAVE_ICONV 1
| /* end confdefs.h.  */
| 
| /* Override any GCC internal prototype to avoid an error.
|    Use char because int might match the return type of a GCC
|    builtin and then its argument prototype would still apply.  */
| #ifdef __cplusplus
| extern "C"
| #endif
| char t_open ();
| int
| main ()
| {
| return t_open ();
|   ;
|   return 0;
| }
configure:6274: result: no
configure:6280: checking for socket in -lsocket
configure:6305: g++ -o conftest -g -O2   conftest.cpp -lsocket   >&5
/usr/bin/ld: cannot find -lsocket
collect2: ld returned 1 exit status
configure:6305: $? = 1
configure: failed program was:
| /* confdefs.h */
| #define PACKAGE_NAME ""
| #define PACKAGE_TARNAME ""
| #define PACKAGE_VERSION ""
| #define PACKAGE_STRING ""
| #define PACKAGE_BUGREPORT ""
| #define PACKAGE_URL ""
| #define STDC_HEADERS 1
| #define HAVE_SYS_TYPES_H 1
| #define HAVE_SYS_STAT_H 1
| #define HAVE_STDLIB_H 1
| #define HAVE_STRING_H 1
| #define HAVE_MEMORY_H 1
| #define HAVE_STRINGS_H 1
| #define HAVE_INTTYPES_H 1
| #define HAVE_STDINT_H 1
| #define HAVE_UNISTD_H 1
| #define STDC_HEADERS 1
| #define HAVE_STDBOOL_H 1
| #define HAVE_ERRNO_H 1
| #define HAVE_CTYPE_H 1
| #define HAVE_DIRENT_H 1
| #define HAVE_FCNTL_H 1
| #define HAVE_LIBGEN_H 1
| #define HAVE_LOCALE_H 1
| #define HAVE_MATH_H 1
| #define HAVE_NL_TYPES_H 1
| #define HAVE_SIGNAL_H 1
| #define HAVE_STDARG_H 1
| #define HAVE_STDIO_H 1
| #define HAVE_TIME_H 1
| #define HAVE_UNISTD_H 1
| #define HAVE_SYS_PARAM_H 1
| #define HAVE_SYS_SELECT_H 1
| #define HAVE_SYS_SIGNAL_H 1
| #define HAVE_SYS_STAT_H 1
| #define HAVE_SYS_TIME_H 1
| #define HAVE_SYS_TYPES_H 1
| #define HAVE_SYS_WAIT_H 1
| #define HAVE_LANGINFO_H 1
| #define HAVE_ICONV_H 1
| #define HAVE_SSTREAM 1
| #define HAVE_CASSERT 1
| #define HAVE_CCTYPE 1
| #define HAVE_CERRNO 1
| #define HAVE_CMATH 1
| #define HAVE_CSTDARG 1
| #define HAVE_CSTDIO 1
| #define HAVE_CSTDLIB 1
| #define HAVE_CSTRING 1
| #define HAVE_CTIME 1
| #define HAVE_DIRENT_H 1
| #define HAVE_FORK 1
| #define HAVE_VFORK 1
| #define HAVE_WORKING_VFORK 1
| #define HAVE_WORKING_FORK 1
| #define HAVE_STDLIB_H 1
| #define HAVE_MALLOC 1
| #define HAVE_STDLIB_H 1
| #define HAVE_REALLOC 1
| #define HAVE_SYS_SELECT_H 1
| #define HAVE_SYS_SOCKET_H 1
| #define SELECT_TYPE_ARG1 int
| #define SELECT_TYPE_ARG234 (fd_set *)
| #define SELECT_TYPE_ARG5 (struct timeval *)
| #define LSTAT_FOLLOWS_SLASHED_SYMLINK 1
| #define HAVE_BASENAME 1
| #define HAVE_CATCLOSE 1
| #define HAVE_CATGETS 1
| #define HAVE_CATOPEN 1
| #define HAVE_GETPID 1
| #define HAVE_GETTIMEOFDAY 1
| #define HAVE_MEMSET 1
| #define HAVE_MKDIR 1
| #define HAVE_NL_LANGINFO 1
| #define HAVE_PUTENV 1
| #define HAVE_REGCOMP 1
| #define HAVE_SELECT 1
| #define HAVE_SETENV 1
| #define HAVE_SETLOCALE 1
| #define HAVE_SIGACTION 1
| #define HAVE_SNPRINTF 1
| #define HAVE_SQRT 1
| #define HAVE_STRCASECMP 1
| #define HAVE_STRCASESTR 1
| #define HAVE_STRCHR 1
| #define HAVE_STRSTR 1
| #define HAVE_STRTOL 1
| #define HAVE_STRTOUL 1
| #define HAVE_VSNPRINTF 1
| #define HAVE_STRFTIME 1
| #define HAVE_ICONV 1
| /* end confdefs.h.  */
| 
| /* Override any GCC internal prototype to avoid an error.
|    Use char because int might match the return type of a GCC
|    builtin and then its argument prototype would still apply.  */
| #ifdef __cplusplus
| extern "C"
| #endif
| char socket ();
| int
| main ()
| {
| return socket ();
|   ;
|   return 0;
| }
configure:6314: result: no
configure:6321: checking for X
configure:6429: g++ -E  conftest.cpp
configure:6429: $? = 0
configure:6460: g++ -o conftest -g -O2   conftest.cpp -lX11  >&5
configure:6460: $? = 0
configure:6510: result: libraries , headers 
configure:6609: g++ -o conftest -g -O2   conftest.cpp   -lX11 >&5
configure:6609: $? = 0
configure:6707: checking for gethostbyname
configure:6707: g++ -o conftest -g -O2   conftest.cpp  >&5
configure:6707: $? = 0
configure:6707: result: yes
configure:6804: checking for connect
configure:6804: g++ -o conftest -g -O2   conftest.cpp  >&5
configure:6804: $? = 0
configure:6804: result: yes
configure:6853: checking for remove
configure:6853: g++ -o conftest -g -O2   conftest.cpp  >&5
configure:6853: $? = 0
configure:6853: result: yes
configure:6902: checking for shmat
configure:6902: g++ -o conftest -g -O2   conftest.cpp  >&5
configure:6902: $? = 0
configure:6902: result: yes
configure:6960: checking for IceConnectionNumber in -lICE
configure:6985: g++ -o conftest -g -O2   conftest.cpp -lICE   >&5
configure:6985: $? = 0
configure:6994: result: yes
configure:7016: checking for XOpenDisplay in -lX11
configure:7041: g++ -o conftest -g -O2       -lSM -lICE conftest.cpp -lX11    >&5
configure:7041: $? = 0
configure:7050: result: yes
configure:7061: checking for setlocale in -lxpg4
configure:7086: g++ -o conftest -g -O2       -lSM -lICE conftest.cpp -lxpg4    -lX11  >&5
/usr/bin/ld: cannot find -lxpg4
collect2: ld returned 1 exit status
configure:7086: $? = 1
configure: failed program was:
| /* confdefs.h */
| #define PACKAGE_NAME ""
| #define PACKAGE_TARNAME ""
| #define PACKAGE_VERSION ""
| #define PACKAGE_STRING ""
| #define PACKAGE_BUGREPORT ""
| #define PACKAGE_URL ""
| #define STDC_HEADERS 1
| #define HAVE_SYS_TYPES_H 1
| #define HAVE_SYS_STAT_H 1
| #define HAVE_STDLIB_H 1
| #define HAVE_STRING_H 1
| #define HAVE_MEMORY_H 1
| #define HAVE_STRINGS_H 1
| #define HAVE_INTTYPES_H 1
| #define HAVE_STDINT_H 1
| #define HAVE_UNISTD_H 1
| #define STDC_HEADERS 1
| #define HAVE_STDBOOL_H 1
| #define HAVE_ERRNO_H 1
| #define HAVE_CTYPE_H 1
| #define HAVE_DIRENT_H 1
| #define HAVE_FCNTL_H 1
| #define HAVE_LIBGEN_H 1
| #define HAVE_LOCALE_H 1
| #define HAVE_MATH_H 1
| #define HAVE_NL_TYPES_H 1
| #define HAVE_SIGNAL_H 1
| #define HAVE_STDARG_H 1
| #define HAVE_STDIO_H 1
| #define HAVE_TIME_H 1
| #define HAVE_UNISTD_H 1
| #define HAVE_SYS_PARAM_H 1
| #define HAVE_SYS_SELECT_H 1
| #define HAVE_SYS_SIGNAL_H 1
| #define HAVE_SYS_STAT_H 1
| #define HAVE_SYS_TIME_H 1
| #define HAVE_SYS_TYPES_H 1
| #define HAVE_SYS_WAIT_H 1
| #define HAVE_LANGINFO_H 1
| #define HAVE_ICONV_H 1
| #define HAVE_SSTREAM 1
| #define HAVE_CASSERT 1
| #define HAVE_CCTYPE 1
| #define HAVE_CERRNO 1
| #define HAVE_CMATH 1
| #define HAVE_CSTDARG 1
| #define HAVE_CSTDIO 1
| #define HAVE_CSTDLIB 1
| #define HAVE_CSTRING 1
| #define HAVE_CTIME 1
| #define HAVE_DIRENT_H 1
| #define HAVE_FORK 1
| #define HAVE_VFORK 1
| #define HAVE_WORKING_VFORK 1
| #define HAVE_WORKING_FORK 1
| #define HAVE_STDLIB_H 1
| #define HAVE_MALLOC 1
| #define HAVE_STDLIB_H 1
| #define HAVE_REALLOC 1
| #define HAVE_SYS_SELECT_H 1
| #define HAVE_SYS_SOCKET_H 1
| #define SELECT_TYPE_ARG1 int
| #define SELECT_TYPE_ARG234 (fd_set *)
| #define SELECT_TYPE_ARG5 (struct timeval *)
| #define LSTAT_FOLLOWS_SLASHED_SYMLINK 1
| #define HAVE_BASENAME 1
| #define HAVE_CATCLOSE 1
| #define HAVE_CATGETS 1
| #define HAVE_CATOPEN 1
| #define HAVE_GETPID 1
| #define HAVE_GETTIMEOFDAY 1
| #define HAVE_MEMSET 1
| #define HAVE_MKDIR 1
| #define HAVE_NL_LANGINFO 1
| #define HAVE_PUTENV 1
| #define HAVE_REGCOMP 1
| #define HAVE_SELECT 1
| #define HAVE_SETENV 1
| #define HAVE_SETLOCALE 1
| #define HAVE_SIGACTION 1
| #define HAVE_SNPRINTF 1
| #define HAVE_SQRT 1
| #define HAVE_STRCASECMP 1
| #define HAVE_STRCASESTR 1
| #define HAVE_STRCHR 1
| #define HAVE_STRSTR 1
| #define HAVE_STRTOL 1
| #define HAVE_STRTOUL 1
| #define HAVE_VSNPRINTF 1
| #define HAVE_STRFTIME 1
| #define HAVE_ICONV 1
| /* end confdefs.h.  */
| 
| /* Override any GCC internal prototype to avoid an error.
|    Use char because int might match the return type of a GCC
|    builtin and then its argument prototype would still apply.  */
| #ifdef __cplusplus
| extern "C"
| #endif
| char setlocale ();
| int
| main ()
| {
| return setlocale ();
|   ;
|   return 0;
| }
configure:7095: result: no
configure:7106: checking for gencat
configure:7122: found /usr/bin/gencat
configure:7133: result: gencat
configure:7151: checking whether to include the Slit
configure:7166: result: yes
configure:7175: checking whether to include remember functionality
configure:7192: result: yes
configure:7210: checking whether to include Toolbar
configure:7227: result: yes
configure:7245: checking whether to have (POSIX) regular expression support
configure:7287: result: yes
configure:7310: checking whether to include the new WM Spec
configure:7327: result: yes
configure:7346: checking whether to include verbose debugging code
configure:7359: result: no
configure:7367: checking whether to build test programs
configure:7381: result: no
configure:7396: checking whether to include NLS support
configure:7412: result: no
configure:7424: checking whether to use the new timed pixmap cache
configure:7439: result: yes
configure:7449: checking whether to have Xft support
configure:7483: result: yes
configure:7502: checking for pkg-config
configure:7520: found /usr/bin/pkg-config
configure:7533: result: /usr/bin/pkg-config
configure:7625: g++ -o conftest -g -O2   -I/usr/include/freetype2        -lSM -lICE conftest.cpp   -lX11  -lXft -lfontconfig   >&5
configure:7625: $? = 0
configure:7631: checking Xft UTF-8 support
configure:7646: g++ -o conftest -g -O2   -I/usr/include/freetype2        -lSM -lICE conftest.cpp   -lX11  -lXft -lfontconfig   >&5
configure:7646: $? = 0
configure:7650: result: yes
configure:7679: checking whether to have Xrender (transparent) support
configure:7734: result: yes
configure:7736: checking for XRenderCreatePicture in -lXrender
configure:7761: g++ -o conftest -g -O2   -I/usr/include/freetype2        -lSM -lICE conftest.cpp -lXrender    -lX11  -lXft -lfontconfig   >&5
configure:7761: $? = 0
configure:7770: result: yes
configure:7784: checking whether to have Xpm (pixmap themes) support
configure:7840: result: yes
configure:7842: checking for XpmReadFileToPixmap in -lXpm
configure:7867: g++ -o conftest -g -O2   -I/usr/include/freetype2        -lSM -lICE conftest.cpp -lXpm    -lX11  -lXft -lfontconfig   -lXrender >&5
configure:7867: $? = 0
configure:7876: result: yes
configure:7900: checking whether to have Imlib2 (pixmap themes) support
configure:7910: result: yes
configure:7945: checking for imlib2-config
configure:7963: found /usr/bin/imlib2-config
configure:7976: result: /usr/bin/imlib2-config
configure:7984: checking for imlib2 - version >= 1.0.0
configure:8042: result: yes
configure:8091: checking whether to have Xmb (multibyte font, utf-8) support
configure:8108: result: yes
configure:8128: checking whether to build support for the Xinerama extension
configure:8138: result: yes
configure:8140: checking for XineramaQueryScreens in -lXinerama
configure:8165: g++ -o conftest -g -O2   -I/usr/include/freetype2         -lSM -lICE conftest.cpp -lXinerama    -lX11  -lXft -lfontconfig   -lXrender -lXpm -L/usr/lib -lImlib2 -L/usr/lib/i386-linux-gnu -lfreetype -lz -L/usr/X11R6/lib -lX11 -lXext -ldl -lm >&5
configure:8165: $? = 0
configure:8174: result: yes
configure:8177: checking for X11/extensions/Xinerama.h
configure:8193: g++ -c -g -O2   -I/usr/include/freetype2     conftest.cpp >&5
configure:8193: $? = 0
configure:8194: result: yes
configure:8214: checking whether to build support for the XShape extension
configure:8224: result: yes
configure:8226: checking for XShapeCombineShape in -lXext
configure:8251: g++ -o conftest -g -O2   -I/usr/include/freetype2         -lSM -lICE conftest.cpp -lXext    -lX11  -lXft -lfontconfig   -lXrender -lXpm -L/usr/lib -lImlib2 -L/usr/lib/i386-linux-gnu -lfreetype -lz -L/usr/X11R6/lib -lX11 -lXext -ldl -lm -lXinerama >&5
configure:8251: $? = 0
configure:8260: result: yes
configure:8263: checking for X11/extensions/shape.h
configure:8279: g++ -c -g -O2   -I/usr/include/freetype2     conftest.cpp >&5
configure:8279: $? = 0
configure:8280: result: yes
configure:8303: checking whether to build support for the Xrandr (X resize and rotate) extension
configure:8313: result: yes
configure:8315: checking for XRRQueryExtension in -lXrandr
configure:8340: g++ -o conftest -g -O2   -I/usr/include/freetype2         -lSM -lICE conftest.cpp -lXrandr    -lX11  -lXft -lfontconfig   -lXrender -lXpm -L/usr/lib -lImlib2 -L/usr/lib/i386-linux-gnu -lfreetype -lz -L/usr/X11R6/lib -lX11 -lXext -ldl -lm -lXinerama -lXext >&5
configure:8340: $? = 0
configure:8349: result: yes
configure:8352: checking for X11/extensions/Xrandr.h
configure:8368: g++ -c -g -O2   -I/usr/include/freetype2     conftest.cpp >&5
configure:8368: $? = 0
configure:8369: result: yes
configure:8389: checking whether to have RANDR 1.2 support
configure:8399: result: yes
configure:8401: checking for XRRQueryExtension in -lXrandr
configure:8435: result: yes
configure:8438: checking for X11/extensions/Xrandr.h
configure:8454: g++ -c -g -O2   -I/usr/include/freetype2     conftest.cpp >&5
configure:8454: $? = 0
configure:8455: result: yes
configure:8495: checking whether to have FRIBIDI support
configure:8505: result: yes
configure:8507: checking for fribidi_version_info in -lfribidi
configure:8532: g++ -o conftest -g -O2   -I/usr/include/freetype2         -lSM -lICE conftest.cpp -lfribidi    -lX11  -lXft -lfontconfig   -lXrender -lXpm -L/usr/lib -lImlib2 -L/usr/lib/i386-linux-gnu -lfreetype -lz -L/usr/X11R6/lib -lX11 -lXext -ldl -lm -lXinerama -lXext -lXrandr -lXrandr >&5
configure:8532: $? = 0
configure:8541: result: yes
configure:8544: checking for fribidi/fribidi.h
configure:8558: g++ -c -g -O2   -I/usr/include/freetype2     conftest.cpp >&5
configure:8558: $? = 0
configure:8559: result: yes
configure:8696: checking return type of signal handlers
configure:8714: g++ -c -g -O2   -I/usr/include/freetype2     conftest.cpp >&5
conftest.cpp: In function 'int main()':
conftest.cpp:118:27: error: void value not ignored as it ought to be
configure:8714: $? = 1
configure: failed program was:
| /* confdefs.h */
| #define PACKAGE_NAME ""
| #define PACKAGE_TARNAME ""
| #define PACKAGE_VERSION ""
| #define PACKAGE_STRING ""
| #define PACKAGE_BUGREPORT ""
| #define PACKAGE_URL ""
| #define STDC_HEADERS 1
| #define HAVE_SYS_TYPES_H 1
| #define HAVE_SYS_STAT_H 1
| #define HAVE_STDLIB_H 1
| #define HAVE_STRING_H 1
| #define HAVE_MEMORY_H 1
| #define HAVE_STRINGS_H 1
| #define HAVE_INTTYPES_H 1
| #define HAVE_STDINT_H 1
| #define HAVE_UNISTD_H 1
| #define STDC_HEADERS 1
| #define HAVE_STDBOOL_H 1
| #define HAVE_ERRNO_H 1
| #define HAVE_CTYPE_H 1
| #define HAVE_DIRENT_H 1
| #define HAVE_FCNTL_H 1
| #define HAVE_LIBGEN_H 1
| #define HAVE_LOCALE_H 1
| #define HAVE_MATH_H 1
| #define HAVE_NL_TYPES_H 1
| #define HAVE_SIGNAL_H 1
| #define HAVE_STDARG_H 1
| #define HAVE_STDIO_H 1
| #define HAVE_TIME_H 1
| #define HAVE_UNISTD_H 1
| #define HAVE_SYS_PARAM_H 1
| #define HAVE_SYS_SELECT_H 1
| #define HAVE_SYS_SIGNAL_H 1
| #define HAVE_SYS_STAT_H 1
| #define HAVE_SYS_TIME_H 1
| #define HAVE_SYS_TYPES_H 1
| #define HAVE_SYS_WAIT_H 1
| #define HAVE_LANGINFO_H 1
| #define HAVE_ICONV_H 1
| #define HAVE_SSTREAM 1
| #define HAVE_CASSERT 1
| #define HAVE_CCTYPE 1
| #define HAVE_CERRNO 1
| #define HAVE_CMATH 1
| #define HAVE_CSTDARG 1
| #define HAVE_CSTDIO 1
| #define HAVE_CSTDLIB 1
| #define HAVE_CSTRING 1
| #define HAVE_CTIME 1
| #define HAVE_DIRENT_H 1
| #define HAVE_FORK 1
| #define HAVE_VFORK 1
| #define HAVE_WORKING_VFORK 1
| #define HAVE_WORKING_FORK 1
| #define HAVE_STDLIB_H 1
| #define HAVE_MALLOC 1
| #define HAVE_STDLIB_H 1
| #define HAVE_REALLOC 1
| #define HAVE_SYS_SELECT_H 1
| #define HAVE_SYS_SOCKET_H 1
| #define SELECT_TYPE_ARG1 int
| #define SELECT_TYPE_ARG234 (fd_set *)
| #define SELECT_TYPE_ARG5 (struct timeval *)
| #define LSTAT_FOLLOWS_SLASHED_SYMLINK 1
| #define HAVE_BASENAME 1
| #define HAVE_CATCLOSE 1
| #define HAVE_CATGETS 1
| #define HAVE_CATOPEN 1
| #define HAVE_GETPID 1
| #define HAVE_GETTIMEOFDAY 1
| #define HAVE_MEMSET 1
| #define HAVE_MKDIR 1
| #define HAVE_NL_LANGINFO 1
| #define HAVE_PUTENV 1
| #define HAVE_REGCOMP 1
| #define HAVE_SELECT 1
| #define HAVE_SETENV 1
| #define HAVE_SETLOCALE 1
| #define HAVE_SIGACTION 1
| #define HAVE_SNPRINTF 1
| #define HAVE_SQRT 1
| #define HAVE_STRCASECMP 1
| #define HAVE_STRCASESTR 1
| #define HAVE_STRCHR 1
| #define HAVE_STRSTR 1
| #define HAVE_STRTOL 1
| #define HAVE_STRTOUL 1
| #define HAVE_VSNPRINTF 1
| #define HAVE_STRFTIME 1
| #define HAVE_ICONV 1
| #define SLIT 1
| #define REMEMBER 1
| #define USE_TOOLBAR 1
| #define USE_REGEXP 1
| #define USE_NEWWMSPEC 1
| #define TIMEDCACHE 1
| #define USE_XFT 1
| #define HAVE_XFT_UTF8_STRING 1
| #define HAVE_XRENDER 1
| #define HAVE_XPM 1
| #define HAVE_IMLIB2 /**/
| #define USE_XMB 1
| #define XINERAMA 1
| #define SHAPE 1
| #define HAVE_RANDR 1
| #define HAVE_RANDR1_2 1
| #define HAVE_FRIBIDI 1
| #define LOCALEPATH "/usr/local/share/fluxbox/nls"
| /* end confdefs.h.  */
| #include <sys/types.h>
| #include <signal.h>
| 
| int
| main ()
| {
| return *(signal (0, 0)) (0) == 1;
|   ;
|   return 0;
| }
configure:8721: result: void
configure:8906: creating ./config.status

## ---------------------- ##
## Running config.status. ##
## ---------------------- ##

This file was extended by config.status, which was
generated by GNU Autoconf 2.68.  Invocation command line was

  CONFIG_FILES    = 
  CONFIG_HEADERS  = 
  CONFIG_LINKS    = 
  CONFIG_COMMANDS = 
  $ ./config.status 

on home

config.status:1066: creating Makefile
config.status:1066: creating version.h
config.status:1066: creating src/Makefile
config.status:1066: creating src/FbTk/Makefile
config.status:1066: creating src/tests/Makefile
config.status:1066: creating util/Makefile
config.status:1066: creating util/fbrun/Makefile
config.status:1066: creating data/Makefile
config.status:1066: creating data/styles/Makefile
config.status:1066: creating data/styles/BlueFlux/Makefile
config.status:1066: creating data/styles/BlueFlux/pixmaps/Makefile
config.status:1066: creating data/styles/Emerge/Makefile
config.status:1066: creating data/styles/Emerge/pixmaps/Makefile
config.status:1066: creating data/styles/arch/Makefile
config.status:1066: creating data/styles/arch/pixmaps/Makefile
config.status:1066: creating data/styles/zimek_bisque/Makefile
config.status:1066: creating data/styles/zimek_darkblue/Makefile
config.status:1066: creating data/styles/zimek_green/Makefile
config.status:1066: creating data/styles/ostrich/Makefile
config.status:1066: creating data/styles/green_tea/Makefile
config.status:1066: creating data/styles/bora_black/Makefile
config.status:1066: creating data/styles/bora_blue/Makefile
config.status:1066: creating data/styles/bora_green/Makefile
config.status:1066: creating data/styles/carp/Makefile
config.status:1066: creating data/styles/bloe/Makefile
config.status:1066: creating data/styles/bloe/pixmaps/Makefile
config.status:1066: creating doc/Makefile
config.status:1066: creating nls/Makefile
config.status:1066: creating nls/C/Makefile
config.status:1066: creating nls/be_BY/Makefile
config.status:1066: creating nls/bg_BG/Makefile
config.status:1066: creating nls/cs_CZ/Makefile
config.status:1066: creating nls/da_DK/Makefile
config.status:1066: creating nls/de_AT/Makefile
config.status:1066: creating nls/de_CH/Makefile
config.status:1066: creating nls/de_DE/Makefile
config.status:1066: creating nls/el_GR/Makefile
config.status:1066: creating nls/en_GB/Makefile
config.status:1066: creating nls/en_US/Makefile
config.status:1066: creating nls/es_AR/Makefile
config.status:1066: creating nls/es_ES/Makefile
config.status:1066: creating nls/et_EE/Makefile
config.status:1066: creating nls/fi_FI/Makefile
config.status:1066: creating nls/fr_CH/Makefile
config.status:1066: creating nls/fr_FR/Makefile
config.status:1066: creating nls/it_IT/Makefile
config.status:1066: creating nls/ja_JP/Makefile
config.status:1066: creating nls/ko_KR/Makefile
config.status:1066: creating nls/lv_LV/Makefile
config.status:1066: creating nls/mk_MK/Makefile
config.status:1066: creating nls/nb_NO/Makefile
config.status:1066: creating nls/nl_NL/Makefile
config.status:1066: creating nls/no_NO/Makefile
config.status:1066: creating nls/pl_PL/Makefile
config.status:1066: creating nls/pt_BR/Makefile
config.status:1066: creating nls/pt_PT/Makefile
config.status:1066: creating nls/ru_RU/Makefile
config.status:1066: creating nls/sk_SK/Makefile
config.status:1066: creating nls/sl_SI/Makefile
config.status:1066: creating nls/sv_SE/Makefile
config.status:1066: creating nls/tr_TR/Makefile
config.status:1066: creating nls/uk_UA/Makefile
config.status:1066: creating nls/vi_VN/Makefile
config.status:1066: creating nls/zh_CN/Makefile
config.status:1066: creating nls/zh_TW/Makefile
config.status:1066: creating config.h
config.status:1295: executing depfiles commands
configure:10301: result: 
configure:10303: result: 	fluxbox version 1.3.2 configured successfully.
configure:10305: result: 
configure:10307: result: Using '/usr/local' for installation.
configure:10309: result: Using '$(prefix)/share/fluxbox/menu' for location menu file.
configure:10311: result: Using '$(prefix)/share/fluxbox/styles/bloe' by default style.
configure:10313: result: Using '$(prefix)/share/fluxbox/keys' for location keys file.
configure:10315: result: Using '$(prefix)/share/fluxbox/init' for location init file.
configure:10317: result: Using '$(prefix)/share/fluxbox/nls' for nls files.
configure:10319: result: Using 'g++' for C++ compiler.
configure:10321: result: Building with '-g -O2   -I/usr/include/freetype2   ' for C++ compiler flags.
configure:10323: result: Building with '  -lX11  -lXft -lfontconfig   -lXrender -lXpm -L/usr/lib -lImlib2 -L/usr/lib/i386-linux-gnu -lfreetype -lz -L/usr/X11R6/lib -lX11 -lXext -ldl -lm -lXinerama -lXext -lXrandr -lXrandr -lfribidi' for linker flags.
configure:10325: result: 
configure:10327: result: Now build fluxbox with 'make'
configure:10329: result: 

## ---------------- ##
## Cache variables. ##
## ---------------- ##

ac_cv_c_compiler_gnu=yes
ac_cv_c_const=yes
ac_cv_c_inline=inline
ac_cv_cxx_compiler_gnu=yes
ac_cv_env_CCC_set=
ac_cv_env_CCC_value=
ac_cv_env_CC_set=
ac_cv_env_CC_value=
ac_cv_env_CFLAGS_set=
ac_cv_env_CFLAGS_value=
ac_cv_env_CPPFLAGS_set=
ac_cv_env_CPPFLAGS_value=
ac_cv_env_CXXCPP_set=
ac_cv_env_CXXCPP_value=
ac_cv_env_CXXFLAGS_set=
ac_cv_env_CXXFLAGS_value=
ac_cv_env_CXX_set=
ac_cv_env_CXX_value=
ac_cv_env_LDFLAGS_set=
ac_cv_env_LDFLAGS_value=
ac_cv_env_LIBS_set=
ac_cv_env_LIBS_value=
ac_cv_env_XMKMF_set=
ac_cv_env_XMKMF_value=
ac_cv_env_build_alias_set=
ac_cv_env_build_alias_value=
ac_cv_env_host_alias_set=
ac_cv_env_host_alias_value=
ac_cv_env_target_alias_set=
ac_cv_env_target_alias_value=
ac_cv_func_basename=yes
ac_cv_func_catclose=yes
ac_cv_func_catgets=yes
ac_cv_func_catopen=yes
ac_cv_func_closedir_void=no
ac_cv_func_connect=yes
ac_cv_func_fork=yes
ac_cv_func_fork_works=yes
ac_cv_func_gethostbyname=yes
ac_cv_func_getpid=yes
ac_cv_func_gettimeofday=yes
ac_cv_func_lstat_dereferences_slashed_symlink=yes
ac_cv_func_malloc_0_nonnull=yes
ac_cv_func_memset=yes
ac_cv_func_mkdir=yes
ac_cv_func_nl_langinfo=yes
ac_cv_func_putenv=yes
ac_cv_func_realloc_0_nonnull=yes
ac_cv_func_regcomp=yes
ac_cv_func_remove=yes
ac_cv_func_select=yes
ac_cv_func_select_args='int,fd_set *,struct timeval *'
ac_cv_func_setenv=yes
ac_cv_func_setlocale=yes
ac_cv_func_shmat=yes
ac_cv_func_sigaction=yes
ac_cv_func_snprintf=yes
ac_cv_func_sqrt=yes
ac_cv_func_stat_empty_string_bug=no
ac_cv_func_strcasecmp=yes
ac_cv_func_strcasestr=yes
ac_cv_func_strchr=yes
ac_cv_func_strstr=yes
ac_cv_func_strtol=yes
ac_cv_func_strtoul=yes
ac_cv_func_vfork=yes
ac_cv_func_vfork_works=yes
ac_cv_func_vsnprintf=yes
ac_cv_have_x='have_x=yes	ac_x_includes='\'''\''	ac_x_libraries='\'''\'''
ac_cv_header_cassert=yes
ac_cv_header_cctype=yes
ac_cv_header_cerrno=yes
ac_cv_header_cmath=yes
ac_cv_header_cstdarg=yes
ac_cv_header_cstdio=yes
ac_cv_header_cstdlib=yes
ac_cv_header_cstring=yes
ac_cv_header_ctime=yes
ac_cv_header_ctype_h=yes
ac_cv_header_dirent_dirent_h=yes
ac_cv_header_dirent_h=yes
ac_cv_header_errno_h=yes
ac_cv_header_fcntl_h=yes
ac_cv_header_iconv_h=yes
ac_cv_header_inttypes_h=yes
ac_cv_header_langinfo_h=yes
ac_cv_header_libgen_h=yes
ac_cv_header_locale_h=yes
ac_cv_header_math_h=yes
ac_cv_header_memory_h=yes
ac_cv_header_nl_types_h=yes
ac_cv_header_process_h=no
ac_cv_header_signal_h=yes
ac_cv_header_sstream=yes
ac_cv_header_stdarg_h=yes
ac_cv_header_stdbool_h=yes
ac_cv_header_stdc=yes
ac_cv_header_stdint_h=yes
ac_cv_header_stdio_h=yes
ac_cv_header_stdlib_h=yes
ac_cv_header_string_h=yes
ac_cv_header_strings_h=yes
ac_cv_header_sys_param_h=yes
ac_cv_header_sys_select_h=yes
ac_cv_header_sys_signal_h=yes
ac_cv_header_sys_socket_h=yes
ac_cv_header_sys_stat_h=yes
ac_cv_header_sys_time_h=yes
ac_cv_header_sys_types_h=yes
ac_cv_header_sys_wait_h=yes
ac_cv_header_time_h=yes
ac_cv_header_unistd_h=yes
ac_cv_header_vfork_h=no
ac_cv_iconv_const=no
ac_cv_lib_ICE_IceConnectionNumber=yes
ac_cv_lib_X11_XOpenDisplay=yes
ac_cv_lib_Xext_XShapeCombineShape=yes
ac_cv_lib_Xinerama_XineramaQueryScreens=yes
ac_cv_lib_Xpm_XpmReadFileToPixmap=yes
ac_cv_lib_Xrandr_XRRQueryExtension=yes
ac_cv_lib_Xrender_XRenderCreatePicture=yes
ac_cv_lib_error_at_line=yes
ac_cv_lib_fribidi_fribidi_version_info=yes
ac_cv_lib_iconv_iconv_open=no
ac_cv_lib_iconv_libiconv_open=no
ac_cv_lib_nsl_t_open=no
ac_cv_lib_socket_socket=no
ac_cv_lib_xpg4_setlocale=no
ac_cv_objext=o
ac_cv_path_EGREP='/bin/grep -E'
ac_cv_path_GREP=/bin/grep
ac_cv_path_IMLIB2_CONFIG=/usr/bin/imlib2-config
ac_cv_path_PKG_CONFIG=/usr/bin/pkg-config
ac_cv_path_install='/usr/bin/install -c'
ac_cv_path_mkdir=/bin/mkdir
ac_cv_prog_AWK=mawk
ac_cv_prog_CXXCPP='g++ -E'
ac_cv_prog_ac_ct_CC=gcc
ac_cv_prog_ac_ct_CXX=g++
ac_cv_prog_ac_ct_RANLIB=ranlib
ac_cv_prog_cc_c89=
ac_cv_prog_cc_g=yes
ac_cv_prog_cxx_g=yes
ac_cv_prog_gencat_cmd=gencat
ac_cv_prog_make_make_set=yes
ac_cv_prog_regex_cmd=sed
ac_cv_search_opendir='none required'
ac_cv_struct_tm=time.h
ac_cv_type__Bool=no
ac_cv_type_pid_t=yes
ac_cv_type_signal=void
ac_cv_type_size_t=yes
am_cv_CC_dependencies_compiler_type=gcc3
am_cv_CXX_dependencies_compiler_type=gcc3

## ----------------- ##
## Output variables. ##
## ----------------- ##

ACLOCAL='${SHELL} /home/minoru/src/fluxbox-ng/missing --run aclocal-1.11'
AMDEPBACKSLASH='\'
AMDEP_FALSE='#'
AMDEP_TRUE=''
AMTAR='$${TAR-tar}'
AUTOCONF='${SHELL} /home/minoru/src/fluxbox-ng/missing --run autoconf'
AUTOHEADER='${SHELL} /home/minoru/src/fluxbox-ng/missing --run autoheader'
AUTOMAKE='${SHELL} /home/minoru/src/fluxbox-ng/missing --run automake-1.11'
AWK='mawk'
CC='gcc'
CCDEPMODE='depmode=gcc3'
CFLAGS='-g -O2  -I/usr/include/freetype2  '
CPPFLAGS=''
CXX='g++'
CXXCPP='g++ -E'
CXXDEPMODE='depmode=gcc3'
CXXFLAGS='-g -O2   -I/usr/include/freetype2   '
CYGPATH_W='echo'
DEBUG=''
DEFAULT_APPS='$(prefix)/share/fluxbox/apps'
DEFAULT_INIT='$(prefix)/share/fluxbox/init'
DEFAULT_KEYS='$(prefix)/share/fluxbox/keys'
DEFAULT_MENU='$(prefix)/share/fluxbox/menu'
DEFAULT_OVERLAY='$(prefix)/share/fluxbox/overlay'
DEFAULT_STYLE='$(prefix)/share/fluxbox/styles/bloe'
DEFAULT_TASKS='$(prefix)/share/fluxbox/tasks'
DEFAULT_WINDOWMENU='$(prefix)/share/fluxbox/windowmenu'
DEFS='-DHAVE_CONFIG_H'
DEPDIR='.deps'
ECHO_C=''
ECHO_N='-n'
ECHO_T=''
EGREP='/bin/grep -E'
EXEEXT=''
GREP='/bin/grep'
IMLIB2_CFLAGS=''
IMLIB2_CONFIG='/usr/bin/imlib2-config'
IMLIB2_FALSE='#'
IMLIB2_LIBS='-L/usr/lib -lImlib2 -L/usr/lib/i386-linux-gnu -lfreetype -lz -L/usr/X11R6/lib -lX11 -lXext -ldl -lm'
IMLIB2_TRUE=''
INSTALL_DATA='${INSTALL} -m 644'
INSTALL_PROGRAM='${INSTALL}'
INSTALL_SCRIPT='${INSTALL}'
INSTALL_STRIP_PROGRAM='$(install_sh) -c -s'
LDFLAGS='    -lSM -lICE'
LIBOBJS=''
LIBS='  -lX11  -lXft -lfontconfig   -lXrender -lXpm -L/usr/lib -lImlib2 -L/usr/lib/i386-linux-gnu -lfreetype -lz -L/usr/X11R6/lib -lX11 -lXext -ldl -lm -lXinerama -lXext -lXrandr -lXrandr -lfribidi'
LOCALE_PATH='$(prefix)/share/fluxbox/nls'
LTLIBOBJS=''
MAKEINFO='${SHELL} /home/minoru/src/fluxbox-ng/missing --run makeinfo'
MKDIR_P='/bin/mkdir -p'
MULTIBYTE_FALSE='#'
MULTIBYTE_TRUE=''
NEWWMSPEC_FALSE='#'
NEWWMSPEC_TRUE=''
NLS=''
OBJEXT='o'
PACKAGE='fluxbox'
PACKAGE_BUGREPORT=''
PACKAGE_NAME=''
PACKAGE_STRING=''
PACKAGE_TARNAME=''
PACKAGE_URL=''
PACKAGE_VERSION=''
PATH_SEPARATOR=':'
PKG_CONFIG='/usr/bin/pkg-config'
RANLIB='ranlib'
REGEXP_SRC_FALSE='#'
REGEXP_SRC_TRUE=''
REMEMBER_SRC_FALSE='#'
REMEMBER_SRC_TRUE=''
SET_MAKE=''
SHELL='/bin/bash'
STRIP=''
TEST_FALSE=''
TEST_TRUE='#'
TOOLBAR_SRC_FALSE='#'
TOOLBAR_SRC_TRUE=''
VERSION='1.3.2'
XFT_FALSE='#'
XFT_TRUE=''
XMKMF=''
XPM_FALSE='#'
XPM_TRUE=''
X_CFLAGS=''
X_EXTRA_LIBS=''
X_LIBS=''
X_PRE_LIBS=' -lSM -lICE'
ac_ct_CC='gcc'
ac_ct_CXX='g++'
am__EXEEXT_FALSE=''
am__EXEEXT_TRUE='#'
am__fastdepCC_FALSE='#'
am__fastdepCC_TRUE=''
am__fastdepCXX_FALSE='#'
am__fastdepCXX_TRUE=''
am__include='include'
am__isrc=''
am__leading_dot='.'
am__nodep='_no'
am__quote=''
am__tar='$${TAR-tar} chof - "$$tardir"'
am__untar='$${TAR-tar} xf -'
bindir='${exec_prefix}/bin'
build_alias=''
datadir='${datarootdir}'
datarootdir='${prefix}/share'
docdir='${datarootdir}/doc/${PACKAGE}'
dvidir='${docdir}'
exec_prefix='${prefix}'
gencat_cmd='gencat'
host_alias=''
htmldir='${docdir}'
includedir='${prefix}/include'
infodir='${datarootdir}/info'
install_sh='${SHELL} /home/minoru/src/fluxbox-ng/install-sh'
libdir='${exec_prefix}/lib'
libexecdir='${exec_prefix}/libexec'
localedir='${datarootdir}/locale'
localstatedir='${prefix}/var'
mandir='${datarootdir}/man'
mkdir_p='/bin/mkdir -p'
oldincludedir='/usr/include'
pdfdir='${docdir}'
prefix='/usr/local'
program_prefix='NONE'
program_suffix='NONE'
program_transform_name='s,x,x,'
psdir='${docdir}'
regex_cmd='sed'
sbindir='${exec_prefix}/sbin'
sharedstatedir='${prefix}/com'
sysconfdir='${prefix}/etc'
target_alias=''

## ----------- ##
## confdefs.h. ##
## ----------- ##

/* confdefs.h */
#define PACKAGE_NAME ""
#define PACKAGE_TARNAME ""
#define PACKAGE_VERSION ""
#define PACKAGE_STRING ""
#define PACKAGE_BUGREPORT ""
#define PACKAGE_URL ""
#define STDC_HEADERS 1
#define HAVE_SYS_TYPES_H 1
#define HAVE_SYS_STAT_H 1
#define HAVE_STDLIB_H 1
#define HAVE_STRING_H 1
#define HAVE_MEMORY_H 1
#define HAVE_STRINGS_H 1
#define HAVE_INTTYPES_H 1
#define HAVE_STDINT_H 1
#define HAVE_UNISTD_H 1
#define STDC_HEADERS 1
#define HAVE_STDBOOL_H 1
#define HAVE_ERRNO_H 1
#define HAVE_CTYPE_H 1
#define HAVE_DIRENT_H 1
#define HAVE_FCNTL_H 1
#define HAVE_LIBGEN_H 1
#define HAVE_LOCALE_H 1
#define HAVE_MATH_H 1
#define HAVE_NL_TYPES_H 1
#define HAVE_SIGNAL_H 1
#define HAVE_STDARG_H 1
#define HAVE_STDIO_H 1
#define HAVE_TIME_H 1
#define HAVE_UNISTD_H 1
#define HAVE_SYS_PARAM_H 1
#define HAVE_SYS_SELECT_H 1
#define HAVE_SYS_SIGNAL_H 1
#define HAVE_SYS_STAT_H 1
#define HAVE_SYS_TIME_H 1
#define HAVE_SYS_TYPES_H 1
#define HAVE_SYS_WAIT_H 1
#define HAVE_LANGINFO_H 1
#define HAVE_ICONV_H 1
#define HAVE_SSTREAM 1
#define HAVE_CASSERT 1
#define HAVE_CCTYPE 1
#define HAVE_CERRNO 1
#define HAVE_CMATH 1
#define HAVE_CSTDARG 1
#define HAVE_CSTDIO 1
#define HAVE_CSTDLIB 1
#define HAVE_CSTRING 1
#define HAVE_CTIME 1
#define HAVE_DIRENT_H 1
#define HAVE_FORK 1
#define HAVE_VFORK 1
#define HAVE_WORKING_VFORK 1
#define HAVE_WORKING_FORK 1
#define HAVE_STDLIB_H 1
#define HAVE_MALLOC 1
#define HAVE_STDLIB_H 1
#define HAVE_REALLOC 1
#define HAVE_SYS_SELECT_H 1
#define HAVE_SYS_SOCKET_H 1
#define SELECT_TYPE_ARG1 int
#define SELECT_TYPE_ARG234 (fd_set *)
#define SELECT_TYPE_ARG5 (struct timeval *)
#define LSTAT_FOLLOWS_SLASHED_SYMLINK 1
#define HAVE_BASENAME 1
#define HAVE_CATCLOSE 1
#define HAVE_CATGETS 1
#define HAVE_CATOPEN 1
#define HAVE_GETPID 1
#define HAVE_GETTIMEOFDAY 1
#define HAVE_MEMSET 1
#define HAVE_MKDIR 1
#define HAVE_NL_LANGINFO 1
#define HAVE_PUTENV 1
#define HAVE_REGCOMP 1
#define HAVE_SELECT 1
#define HAVE_SETENV 1
#define HAVE_SETLOCALE 1
#define HAVE_SIGACTION 1
#define HAVE_SNPRINTF 1
#define HAVE_SQRT 1
#define HAVE_STRCASECMP 1
#define HAVE_STRCASESTR 1
#define HAVE_STRCHR 1
#define HAVE_STRSTR 1
#define HAVE_STRTOL 1
#define HAVE_STRTOUL 1
#define HAVE_VSNPRINTF 1
#define HAVE_STRFTIME 1
#define HAVE_ICONV 1
#define SLIT 1
#define REMEMBER 1
#define USE_TOOLBAR 1
#define USE_REGEXP 1
#define USE_NEWWMSPEC 1
#define TIMEDCACHE 1
#define USE_XFT 1
#define HAVE_XFT_UTF8_STRING 1
#define HAVE_XRENDER 1
#define HAVE_XPM 1
#define HAVE_IMLIB2 /**/
#define USE_XMB 1
#define XINERAMA 1
#define SHAPE 1
#define HAVE_RANDR 1
#define HAVE_RANDR1_2 1
#define HAVE_FRIBIDI 1
#define LOCALEPATH "/usr/local/share/fluxbox/nls"
#define RETSIGTYPE void

configure: exit 0
